#
# There is insufficient memory for the Java Runtime Environment to continue.
# Native memory allocation (mmap) failed to map 197132288 bytes for G1 virtual space
# Possible reasons:
#   The system is out of physical RAM or swap space
#   The process is running with CompressedOops enabled, and the Java Heap may be blocking the growth of the native heap
# Possible solutions:
#   Reduce memory load on the system
#   Increase physical memory or swap space
#   Check if swap backing store is full
#   Decrease Java heap size (-Xmx/-Xms)
#   Decrease number of Java threads
#   Decrease Java thread stack sizes (-Xss)
#   Set larger code cache with -XX:ReservedCodeCacheSize=
#   JVM is running with Zero Based Compressed Oops mode in which the Java heap is
#     placed in the first 32GB address space. The Java Heap base address is the
#     maximum limit for the native heap growth. Please use -XX:HeapBaseMinAddress
#     to set the Java Heap base and to place the Java Heap above 32GB virtual address.
# This output file may be truncated or incomplete.
#
#  Out of Memory Error (os_windows.cpp:3550), pid=33760, tid=36932
#
# JRE version:  (17.0.6+9) (build )
# Java VM: Java HotSpot(TM) 64-Bit Server VM (17.0.6+9-LTS-190, mixed mode, sharing, tiered, compressed oops, compressed class ptrs, g1 gc, windows-amd64)
# No core dump will be written. Minidumps are not enabled by default on client versions of Windows
#

---------------  S U M M A R Y ------------

Command Line: -Dfile.encoding=UTF-8 --module-path=C:\Users\USER\OneDrive\Desktop\abir_sir_bank_project\bankManegment\build\classes bankmanegment.SignUpOne

Host: 11th Gen Intel(R) Core(TM) i5-1135G7 @ 2.40GHz, 8 cores, 11G,  Windows 11 , 64 bit Build 22621 (10.0.22621.1778)
Time: Tue Jun 27 05:18:54 2023 Eastern Daylight Time elapsed time: 0.009894 seconds (0d 0h 0m 0s)

---------------  T H R E A D  ---------------

Current thread (0x000001d922b68610):  JavaThread "Unknown thread" [_thread_in_vm, id=36932, stack(0x00000090c0200000,0x00000090c0300000)]

Stack: [0x00000090c0200000,0x00000090c0300000]
Native frames: (J=compiled Java code, j=interpreted, Vv=VM code, C=native code)
V  [jvm.dll+0x6734ea]
V  [jvm.dll+0x7d18f4]
V  [jvm.dll+0x7d309e]
V  [jvm.dll+0x7d3703]
V  [jvm.dll+0x2433c5]
V  [jvm.dll+0x6703f9]
V  [jvm.dll+0x664d32]
V  [jvm.dll+0x300086]
V  [jvm.dll+0x307606]
V  [jvm.dll+0x356c1e]
V  [jvm.dll+0x356e4f]
V  [jvm.dll+0x2d72e8]
V  [jvm.dll+0x2d8254]
V  [jvm.dll+0x7a33b1]
V  [jvm.dll+0x3647f1]
V  [jvm.dll+0x782839]
V  [jvm.dll+0x3e757f]
V  [jvm.dll+0x3e9001]
C  [jli.dll+0x5297]
C  [ucrtbase.dll+0x29363]
C  [KERNEL32.DLL+0x126ad]
C  [ntdll.dll+0x5a9f8]


---------------  P R O C E S S  ---------------

Threads class SMR info:
_java_thread_list=0x00007fff70d1e958, length=0, elements={
}

Java Threads: ( => current thread )

Other Threads:
  0x000001d922bc0be0 GCTaskThread "GC Thread#0" [stack: 0x00000090c0300000,0x00000090c0400000] [id=34460]
  0x000001d922bcd7c0 ConcurrentGCThread "G1 Main Marker" [stack: 0x00000090c0400000,0x00000090c0500000] [id=38732]
  0x000001d922bcf480 ConcurrentGCThread "G1 Conc#0" [stack: 0x00000090c0500000,0x00000090c0600000] [id=27552]

[error occurred during error reporting (printing all threads), id 0xc0000005, EXCEPTION_ACCESS_VIOLATION (0xc0000005) at pc=0x00007fff70557f07]

VM state: not at safepoint (not fully initialized)

VM Mutex/Monitor currently owned by a thread:  ([mutex/lock_event])
[0x000001d922b653b0] Heap_lock - owner thread: 0x000001d922b68610

Heap address: 0x0000000744c00000, size: 2996 MB, Compressed Oops mode: Zero based, Oop shift amount: 3

CDS archive(s) mapped at: [0x0000000000000000-0x0000000000000000-0x0000000000000000), size 0, SharedBaseAddress: 0x0000000800000000, ArchiveRelocationMode: 0.
Narrow klass base: 0x0000000000000000, Narrow klass shift: 0, Narrow klass range: 0x0

GC Precious Log:
<Empty>

Heap:
 garbage-first heap   total 0K, used 0K [0x0000000744c00000, 0x0000000800000000)
  region size 2048K, 0 young (0K), 0 survivors (0K)

[error occurred during error reporting (printing heap information), id 0xc0000005, EXCEPTION_ACCESS_VIOLATION (0xc0000005) at pc=0x00007fff7093c759]

GC Heap History (0 events):
No events

Deoptimization events (0 events):
No events

Classes unloaded (0 events):
No events

Classes redefined (0 events):
No events

Internal exceptions (0 events):
No events

VM Operations (0 events):
No events

Events (1 events):
Event: 0.006 Loaded shared library C:\Program Files\Java\jdk-17\bin\java.dll


Dynamic libraries:
0x00007ff75e620000 - 0x00007ff75e630000 	C:\Program Files\Java\jdk-17\bin\java.exe
0x00007ff80c7f0000 - 0x00007ff80ca04000 	C:\WINDOWS\SYSTEM32\ntdll.dll
0x00007ff80b150000 - 0x00007ff80b212000 	C:\WINDOWS\System32\KERNEL32.DLL
0x00007ff809d50000 - 0x00007ff80a0f3000 	C:\WINDOWS\System32\KERNELBASE.dll
0x00007ff80a100000 - 0x00007ff80a211000 	C:\WINDOWS\System32\ucrtbase.dll
0x00007fffecd20000 - 0x00007fffecd38000 	C:\Program Files\Java\jdk-17\bin\jli.dll
0x00007ff8060a0000 - 0x00007ff8060bb000 	C:\Program Files\Java\jdk-17\bin\VCRUNTIME140.dll
0x00007ff80b0a0000 - 0x00007ff80b14e000 	C:\WINDOWS\System32\ADVAPI32.dll
0x00007ff80b900000 - 0x00007ff80b9a7000 	C:\WINDOWS\System32\msvcrt.dll
0x00007ff80bb70000 - 0x00007ff80bc14000 	C:\WINDOWS\System32\sechost.dll
0x00007ff80a860000 - 0x00007ff80a977000 	C:\WINDOWS\System32\RPCRT4.dll
0x00007ff80b750000 - 0x00007ff80b8fb000 	C:\WINDOWS\System32\USER32.dll
0x00007ff809cb0000 - 0x00007ff809cd6000 	C:\WINDOWS\System32\win32u.dll
0x00007fffe8fa0000 - 0x00007fffe922e000 	C:\WINDOWS\WinSxS\amd64_microsoft.windows.common-controls_6595b64144ccf1df_6.0.22621.1635_none_270f70857386168e\COMCTL32.dll
0x00007ff80bd00000 - 0x00007ff80bd29000 	C:\WINDOWS\System32\GDI32.dll
0x00007ff80a220000 - 0x00007ff80a339000 	C:\WINDOWS\System32\gdi32full.dll
0x00007ff80a3c0000 - 0x00007ff80a45a000 	C:\WINDOWS\System32\msvcp_win.dll
0x00007ff800260000 - 0x00007ff80026a000 	C:\WINDOWS\SYSTEM32\VERSION.dll
0x00007ff80bec0000 - 0x00007ff80bef1000 	C:\WINDOWS\System32\IMM32.DLL
0x00007ff806140000 - 0x00007ff80614c000 	C:\Program Files\Java\jdk-17\bin\vcruntime140_1.dll
0x00007fffdb170000 - 0x00007fffdb1fe000 	C:\Program Files\Java\jdk-17\bin\msvcp140.dll
0x00007fff70270000 - 0x00007fff70e47000 	C:\Program Files\Java\jdk-17\bin\server\jvm.dll
0x00007ff80bf00000 - 0x00007ff80bf08000 	C:\WINDOWS\System32\PSAPI.DLL
0x00007ff801330000 - 0x00007ff801364000 	C:\WINDOWS\SYSTEM32\WINMM.dll
0x00007ff801370000 - 0x00007ff801379000 	C:\WINDOWS\SYSTEM32\WSOCK32.dll
0x00007ff80c710000 - 0x00007ff80c781000 	C:\WINDOWS\System32\WS2_32.dll
0x00007ff808c40000 - 0x00007ff808c58000 	C:\WINDOWS\SYSTEM32\kernel.appcore.dll
0x00007ff804d80000 - 0x00007ff804d8a000 	C:\Program Files\Java\jdk-17\bin\jimage.dll
0x00007ff807200000 - 0x00007ff80742e000 	C:\WINDOWS\SYSTEM32\DBGHELP.DLL
0x00007ff80b3c0000 - 0x00007ff80b749000 	C:\WINDOWS\System32\combase.dll
0x00007ff80bc20000 - 0x00007ff80bcf7000 	C:\WINDOWS\System32\OLEAUT32.dll
0x00007fffe5e30000 - 0x00007fffe5e62000 	C:\WINDOWS\SYSTEM32\dbgcore.DLL
0x00007ff80a340000 - 0x00007ff80a3bb000 	C:\WINDOWS\System32\bcryptPrimitives.dll
0x00007ff8013b0000 - 0x00007ff8013d5000 	C:\Program Files\Java\jdk-17\bin\java.dll

dbghelp: loaded successfully - version: 4.0.5 - missing functions: none
symbol engine: initialized successfully - sym options: 0x614 - pdb path: .;C:\Program Files\Java\jdk-17\bin;C:\WINDOWS\SYSTEM32;C:\WINDOWS\WinSxS\amd64_microsoft.windows.common-controls_6595b64144ccf1df_6.0.22621.1635_none_270f70857386168e;C:\Program Files\Java\jdk-17\bin\server

VM Arguments:
jvm_args: -Dfile.encoding=UTF-8 --module-path=C:\Users\USER\OneDrive\Desktop\abir_sir_bank_project\bankManegment\build\classes 
java_command: bankmanegment.SignUpOne
java_class_path (initial): G:\mysql-connector-java-8.0.28.jar;C:\Users\USER\OneDrive\Desktop\abir_sir_bank_project\bankManegment\build\classes
Launcher Type: SUN_STANDARD

[Global flags]
     intx CICompilerCount                          = 4                                         {product} {ergonomic}
     uint ConcGCThreads                            = 2                                         {product} {ergonomic}
     uint G1ConcRefinementThreads                  = 8                                         {product} {ergonomic}
   size_t G1HeapRegionSize                         = 2097152                                   {product} {ergonomic}
    uintx GCDrainStackTargetSize                   = 64                                        {product} {ergonomic}
   size_t InitialHeapSize                          = 197132288                                 {product} {ergonomic}
   size_t MarkStackSize                            = 4194304                                   {product} {ergonomic}
   size_t MaxHeapSize                              = 3141533696                                {product} {ergonomic}
   size_t MinHeapDeltaBytes                        = 2097152                                   {product} {ergonomic}
   size_t MinHeapSize                              = 8388608                                   {product} {ergonomic}
    uintx NonNMethodCodeHeapSize                   = 5839372                                {pd product} {ergonomic}
    uintx NonProfiledCodeHeapSize                  = 122909434                              {pd product} {ergonomic}
    uintx ProfiledCodeHeapSize                     = 122909434                              {pd product} {ergonomic}
    uintx ReservedCodeCacheSize                    = 251658240                              {pd product} {ergonomic}
     bool SegmentedCodeCache                       = true                                      {product} {ergonomic}
   size_t SoftMaxHeapSize                          = 3141533696                             {manageable} {ergonomic}
     bool UseCompressedClassPointers               = true                           {product lp64_product} {ergonomic}
     bool UseCompressedOops                        = true                           {product lp64_product} {ergonomic}
     bool UseG1GC                                  = true                                      {product} {ergonomic}
     bool UseLargePagesIndividualAllocation        = false                                  {pd product} {ergonomic}

Logging:
Log output configuration:
 #0: stdout all=warning uptime,level,tags
 #1: stderr all=off uptime,level,tags

Environment Variables:
JAVA_HOME=C:\Program Files\Java\jdk-17
PATH=C:\Program Files\Java\jdk-17\bin;C:\WINDOWS\system32;C:\WINDOWS;C:\WINDOWS\System32\Wbem;C:\WINDOWS\System32\WindowsPowerShell\v1.0\;C:\WINDOWS\System32\OpenSSH\;C:\Program Files\nodejs\;C:\MinGW\bin;C:\Program Files\Git\cmd;C:\Program Files\MySQL\MySQL Server 8.0\bin;C:\Users\USER\AppData\Local\Microsoft\WindowsApps;C:\Users\USER\AppData\Roaming\npm;C:\Program Files\CodeBlocks\MinGW\bin;C:\Users\USER\AppData\Local\Programs\Microsoft VS Code\bin;;C:\Program Files\JetBrains\IntelliJ IDEA Community Edition 2022.3.3\bin;
USERNAME=USER
OS=Windows_NT
PROCESSOR_IDENTIFIER=Intel64 Family 6 Model 140 Stepping 1, GenuineIntel



---------------  S Y S T E M  ---------------

OS:
 Windows 11 , 64 bit Build 22621 (10.0.22621.1778)
OS uptime: 1 days 21:04 hours

CPU: total 8 (initial active 8) (4 cores per cpu, 2 threads per core) family 6 model 140 stepping 1 microcode 0x86, cx8, cmov, fxsr, ht, mmx, 3dnowpref, sse, sse2, sse3, ssse3, sse4.1, sse4.2, popcnt, lzcnt, tsc, tscinvbit, avx, avx2, aes, erms, clmul, bmi1, bmi2, adx, avx512f, avx512dq, avx512cd, avx512bw, avx512vl, sha, fma, vzeroupper, avx512_vpopcntdq, avx512_vpclmulqdq, avx512_vaes, avx512_vnni, clflush, clflushopt, clwb, avx512_vbmi2, avx512_vbmi

Memory: 4k page, system-wide physical 11982M (1014M free)
TotalPageFile size 42393M (AvailPageFile size 60M)
current process WorkingSet (physical memory assigned to process): 11M, peak: 11M
current process commit charge ("private bytes"): 60M, peak: 248M

vm_info: Java HotSpot(TM) 64-Bit Server VM (17.0.6+9-LTS-190) for windows-amd64 JRE (17.0.6+9-LTS-190), built on Dec  6 2022 15:53:54 by "mach5one" with MS VC++ 17.1 (VS2022)

END.
