#
# There is insufficient memory for the Java Runtime Environment to continue.
# Native memory allocation (mmap) failed to map 197132288 bytes for G1 virtual space
# Possible reasons:
#   The system is out of physical RAM or swap space
#   The process is running with CompressedOops enabled, and the Java Heap may be blocking the growth of the native heap
# Possible solutions:
#   Reduce memory load on the system
#   Increase physical memory or swap space
#   Check if swap backing store is full
#   Decrease Java heap size (-Xmx/-Xms)
#   Decrease number of Java threads
#   Decrease Java thread stack sizes (-Xss)
#   Set larger code cache with -XX:ReservedCodeCacheSize=
#   JVM is running with Zero Based Compressed Oops mode in which the Java heap is
#     placed in the first 32GB address space. The Java Heap base address is the
#     maximum limit for the native heap growth. Please use -XX:HeapBaseMinAddress
#     to set the Java Heap base and to place the Java Heap above 32GB virtual address.
# This output file may be truncated or incomplete.
#
#  Out of Memory Error (os_windows.cpp:3550), pid=31004, tid=30252
#
# JRE version:  (17.0.6+9) (build )
# Java VM: Java HotSpot(TM) 64-Bit Server VM (17.0.6+9-LTS-190, mixed mode, sharing, tiered, compressed oops, compressed class ptrs, g1 gc, windows-amd64)
# No core dump will be written. Minidumps are not enabled by default on client versions of Windows
#

---------------  S U M M A R Y ------------

Command Line: -Dfile.encoding=UTF-8 --module-path=C:\Users\USER\OneDrive\Desktop\abir_sir_bank_project\bankManegment\build\classes bankmanegment.SignUpTwo

Host: 11th Gen Intel(R) Core(TM) i5-1135G7 @ 2.40GHz, 8 cores, 11G,  Windows 11 , 64 bit Build 22621 (10.0.22621.1778)
Time: Tue Jun 27 12:42:50 2023 Eastern Daylight Time elapsed time: 0.010902 seconds (0d 0h 0m 0s)

---------------  T H R E A D  ---------------

Current thread (0x000001959b0b89c0):  JavaThread "Unknown thread" [_thread_in_vm, id=30252, stack(0x0000006873d00000,0x0000006873e00000)]

Stack: [0x0000006873d00000,0x0000006873e00000]
Native frames: (J=compiled Java code, j=interpreted, Vv=VM code, C=native code)
V  [jvm.dll+0x6734ea]
V  [jvm.dll+0x7d18f4]
V  [jvm.dll+0x7d309e]
V  [jvm.dll+0x7d3703]
V  [jvm.dll+0x2433c5]
V  [jvm.dll+0x6703f9]
V  [jvm.dll+0x664d32]
V  [jvm.dll+0x300086]
V  [jvm.dll+0x307606]
V  [jvm.dll+0x356c1e]
V  [jvm.dll+0x356e4f]
V  [jvm.dll+0x2d72e8]
V  [jvm.dll+0x2d8254]
V  [jvm.dll+0x7a33b1]
V  [jvm.dll+0x3647f1]
V  [jvm.dll+0x782839]
V  [jvm.dll+0x3e757f]
V  [jvm.dll+0x3e9001]
C  [jli.dll+0x5297]
C  [ucrtbase.dll+0x29363]
C  [KERNEL32.DLL+0x126ad]
C  [ntdll.dll+0x5a9f8]


---------------  P R O C E S S  ---------------

Threads class SMR info:
_java_thread_list=0x00007ffbf726e958, length=0, elements={
}

Java Threads: ( => current thread )

Other Threads:
  0x000001959b1135c0 GCTaskThread "GC Thread#0" [stack: 0x0000006873e00000,0x0000006873f00000] [id=38276]
  0x000001959b1200a0 ConcurrentGCThread "G1 Main Marker" [stack: 0x0000006873f00000,0x0000006874000000] [id=35808]
  0x000001959b121860 ConcurrentGCThread "G1 Conc#0" [stack: 0x0000006874000000,0x0000006874100000] [id=22800]

[error occurred during error reporting (printing all threads), id 0xc0000005, EXCEPTION_ACCESS_VIOLATION (0xc0000005) at pc=0x00007ffbf6aa7f07]

VM state: not at safepoint (not fully initialized)

VM Mutex/Monitor currently owned by a thread:  ([mutex/lock_event])
[0x000001959b0b51f0] Heap_lock - owner thread: 0x000001959b0b89c0

Heap address: 0x0000000744c00000, size: 2996 MB, Compressed Oops mode: Zero based, Oop shift amount: 3

CDS archive(s) mapped at: [0x0000000000000000-0x0000000000000000-0x0000000000000000), size 0, SharedBaseAddress: 0x0000000800000000, ArchiveRelocationMode: 0.
Narrow klass base: 0x0000000000000000, Narrow klass shift: 0, Narrow klass range: 0x0

GC Precious Log:
<Empty>

Heap:
 garbage-first heap   total 0K, used 0K [0x0000000744c00000, 0x0000000800000000)
  region size 2048K, 0 young (0K), 0 survivors (0K)

[error occurred during error reporting (printing heap information), id 0xc0000005, EXCEPTION_ACCESS_VIOLATION (0xc0000005) at pc=0x00007ffbf6e8c759]

GC Heap History (0 events):
No events

Deoptimization events (0 events):
No events

Classes unloaded (0 events):
No events

Classes redefined (0 events):
No events

Internal exceptions (0 events):
No events

VM Operations (0 events):
No events

Events (1 events):
Event: 0.008 Loaded shared library C:\Program Files\Java\jdk-17\bin\java.dll


Dynamic libraries:
0x00007ff6dbec0000 - 0x00007ff6dbed0000 	C:\Program Files\Java\jdk-17\bin\java.exe
0x00007ffc702b0000 - 0x00007ffc704c4000 	C:\WINDOWS\SYSTEM32\ntdll.dll
0x00007ffc6f570000 - 0x00007ffc6f632000 	C:\WINDOWS\System32\KERNEL32.DLL
0x00007ffc6db40000 - 0x00007ffc6dee3000 	C:\WINDOWS\System32\KERNELBASE.dll
0x00007ffc6d6b0000 - 0x00007ffc6d7c1000 	C:\WINDOWS\System32\ucrtbase.dll
0x00007ffc66980000 - 0x00007ffc66998000 	C:\Program Files\Java\jdk-17\bin\jli.dll
0x00007ffc6a3e0000 - 0x00007ffc6a3fb000 	C:\Program Files\Java\jdk-17\bin\VCRUNTIME140.dll
0x00007ffc6f300000 - 0x00007ffc6f3ae000 	C:\WINDOWS\System32\ADVAPI32.dll
0x00007ffc701c0000 - 0x00007ffc70267000 	C:\WINDOWS\System32\msvcrt.dll
0x00007ffc6f250000 - 0x00007ffc6f2f4000 	C:\WINDOWS\System32\sechost.dll
0x00007ffc6f120000 - 0x00007ffc6f237000 	C:\WINDOWS\System32\RPCRT4.dll
0x00007ffc6ffb0000 - 0x00007ffc7015b000 	C:\WINDOWS\System32\USER32.dll
0x00007ffc6da70000 - 0x00007ffc6da96000 	C:\WINDOWS\System32\win32u.dll
0x00007ffc4cf20000 - 0x00007ffc4d1ae000 	C:\WINDOWS\WinSxS\amd64_microsoft.windows.common-controls_6595b64144ccf1df_6.0.22621.1635_none_270f70857386168e\COMCTL32.dll
0x00007ffc6e290000 - 0x00007ffc6e2b9000 	C:\WINDOWS\System32\GDI32.dll
0x00007ffc6df70000 - 0x00007ffc6e089000 	C:\WINDOWS\System32\gdi32full.dll
0x00007ffc6daa0000 - 0x00007ffc6db3a000 	C:\WINDOWS\System32\msvcp_win.dll
0x00007ffc5f2a0000 - 0x00007ffc5f2aa000 	C:\WINDOWS\SYSTEM32\VERSION.dll
0x00007ffc6ed50000 - 0x00007ffc6ed81000 	C:\WINDOWS\System32\IMM32.DLL
0x00007ffc6a3d0000 - 0x00007ffc6a3dc000 	C:\Program Files\Java\jdk-17\bin\vcruntime140_1.dll
0x00007ffc39f10000 - 0x00007ffc39f9e000 	C:\Program Files\Java\jdk-17\bin\msvcp140.dll
0x00007ffbf67c0000 - 0x00007ffbf7397000 	C:\Program Files\Java\jdk-17\bin\server\jvm.dll
0x00007ffc6e150000 - 0x00007ffc6e158000 	C:\WINDOWS\System32\PSAPI.DLL
0x00007ffc65a80000 - 0x00007ffc65ab4000 	C:\WINDOWS\SYSTEM32\WINMM.dll
0x00007ffc6a400000 - 0x00007ffc6a409000 	C:\WINDOWS\SYSTEM32\WSOCK32.dll
0x00007ffc6ebf0000 - 0x00007ffc6ec61000 	C:\WINDOWS\System32\WS2_32.dll
0x00007ffc6c770000 - 0x00007ffc6c788000 	C:\WINDOWS\SYSTEM32\kernel.appcore.dll
0x00007ffc6a350000 - 0x00007ffc6a35a000 	C:\Program Files\Java\jdk-17\bin\jimage.dll
0x00007ffc6af40000 - 0x00007ffc6b16e000 	C:\WINDOWS\SYSTEM32\DBGHELP.DLL
0x00007ffc6ed90000 - 0x00007ffc6f119000 	C:\WINDOWS\System32\combase.dll
0x00007ffc6ec70000 - 0x00007ffc6ed47000 	C:\WINDOWS\System32\OLEAUT32.dll
0x00007ffc487f0000 - 0x00007ffc48822000 	C:\WINDOWS\SYSTEM32\dbgcore.DLL
0x00007ffc6def0000 - 0x00007ffc6df6b000 	C:\WINDOWS\System32\bcryptPrimitives.dll
0x00007ffc6a360000 - 0x00007ffc6a385000 	C:\Program Files\Java\jdk-17\bin\java.dll

dbghelp: loaded successfully - version: 4.0.5 - missing functions: none
symbol engine: initialized successfully - sym options: 0x614 - pdb path: .;C:\Program Files\Java\jdk-17\bin;C:\WINDOWS\SYSTEM32;C:\WINDOWS\WinSxS\amd64_microsoft.windows.common-controls_6595b64144ccf1df_6.0.22621.1635_none_270f70857386168e;C:\Program Files\Java\jdk-17\bin\server

VM Arguments:
jvm_args: -Dfile.encoding=UTF-8 --module-path=C:\Users\USER\OneDrive\Desktop\abir_sir_bank_project\bankManegment\build\classes 
java_command: bankmanegment.SignUpTwo
java_class_path (initial): G:\mysql-connector-java-8.0.28.jar;C:\Users\USER\OneDrive\Desktop\abir_sir_bank_project\bankManegment\build\classes
Launcher Type: SUN_STANDARD

[Global flags]
     intx CICompilerCount                          = 4                                         {product} {ergonomic}
     uint ConcGCThreads                            = 2                                         {product} {ergonomic}
     uint G1ConcRefinementThreads                  = 8                                         {product} {ergonomic}
   size_t G1HeapRegionSize                         = 2097152                                   {product} {ergonomic}
    uintx GCDrainStackTargetSize                   = 64                                        {product} {ergonomic}
   size_t InitialHeapSize                          = 197132288                                 {product} {ergonomic}
   size_t MarkStackSize                            = 4194304                                   {product} {ergonomic}
   size_t MaxHeapSize                              = 3141533696                                {product} {ergonomic}
   size_t MinHeapDeltaBytes                        = 2097152                                   {product} {ergonomic}
   size_t MinHeapSize                              = 8388608                                   {product} {ergonomic}
    uintx NonNMethodCodeHeapSize                   = 5839372                                {pd product} {ergonomic}
    uintx NonProfiledCodeHeapSize                  = 122909434                              {pd product} {ergonomic}
    uintx ProfiledCodeHeapSize                     = 122909434                              {pd product} {ergonomic}
    uintx ReservedCodeCacheSize                    = 251658240                              {pd product} {ergonomic}
     bool SegmentedCodeCache                       = true                                      {product} {ergonomic}
   size_t SoftMaxHeapSize                          = 3141533696                             {manageable} {ergonomic}
     bool UseCompressedClassPointers               = true                           {product lp64_product} {ergonomic}
     bool UseCompressedOops                        = true                           {product lp64_product} {ergonomic}
     bool UseG1GC                                  = true                                      {product} {ergonomic}
     bool UseLargePagesIndividualAllocation        = false                                  {pd product} {ergonomic}

Logging:
Log output configuration:
 #0: stdout all=warning uptime,level,tags
 #1: stderr all=off uptime,level,tags

Environment Variables:
JAVA_HOME=C:\Program Files\Java\jdk-17
PATH=C:\Program Files\Java\jdk-17\bin;C:\WINDOWS\system32;C:\WINDOWS;C:\WINDOWS\System32\Wbem;C:\WINDOWS\System32\WindowsPowerShell\v1.0\;C:\WINDOWS\System32\OpenSSH\;C:\Program Files\nodejs\;C:\MinGW\bin;C:\Program Files\Git\cmd;C:\Program Files\MySQL\MySQL Server 8.0\bin;C:\Users\USER\AppData\Local\Microsoft\WindowsApps;C:\Users\USER\AppData\Roaming\npm;C:\Program Files\CodeBlocks\MinGW\bin;C:\Users\USER\AppData\Local\Programs\Microsoft VS Code\bin;;C:\Program Files\JetBrains\IntelliJ IDEA Community Edition 2022.3.3\bin;
USERNAME=USER
OS=Windows_NT
PROCESSOR_IDENTIFIER=Intel64 Family 6 Model 140 Stepping 1, GenuineIntel



---------------  S Y S T E M  ---------------

OS:
 Windows 11 , 64 bit Build 22621 (10.0.22621.1778)
OS uptime: 0 days 6:47 hours

CPU: total 8 (initial active 8) (4 cores per cpu, 2 threads per core) family 6 model 140 stepping 1 microcode 0x86, cx8, cmov, fxsr, ht, mmx, 3dnowpref, sse, sse2, sse3, ssse3, sse4.1, sse4.2, popcnt, lzcnt, tsc, tscinvbit, avx, avx2, aes, erms, clmul, bmi1, bmi2, adx, avx512f, avx512dq, avx512cd, avx512bw, avx512vl, sha, fma, vzeroupper, avx512_vpopcntdq, avx512_vpclmulqdq, avx512_vaes, avx512_vnni, clflush, clflushopt, clwb, avx512_vbmi2, avx512_vbmi

Memory: 4k page, system-wide physical 11982M (2120M free)
TotalPageFile size 42393M (AvailPageFile size 134M)
current process WorkingSet (physical memory assigned to process): 11M, peak: 11M
current process commit charge ("private bytes"): 60M, peak: 248M

vm_info: Java HotSpot(TM) 64-Bit Server VM (17.0.6+9-LTS-190) for windows-amd64 JRE (17.0.6+9-LTS-190), built on Dec  6 2022 15:53:54 by "mach5one" with MS VC++ 17.1 (VS2022)

END.
