#
# There is insufficient memory for the Java Runtime Environment to continue.
# Native memory allocation (malloc) failed to allocate 32744 bytes for ChunkPool::allocate
# Possible reasons:
#   The system is out of physical RAM or swap space
#   The process is running with CompressedOops enabled, and the Java Heap may be blocking the growth of the native heap
# Possible solutions:
#   Reduce memory load on the system
#   Increase physical memory or swap space
#   Check if swap backing store is full
#   Decrease Java heap size (-Xmx/-Xms)
#   Decrease number of Java threads
#   Decrease Java thread stack sizes (-Xss)
#   Set larger code cache with -XX:ReservedCodeCacheSize=
#   JVM is running with Zero Based Compressed Oops mode in which the Java heap is
#     placed in the first 32GB address space. The Java Heap base address is the
#     maximum limit for the native heap growth. Please use -XX:HeapBaseMinAddress
#     to set the Java Heap base and to place the Java Heap above 32GB virtual address.
# This output file may be truncated or incomplete.
#
#  Out of Memory Error (arena.cpp:78), pid=34420, tid=11144
#
# JRE version: Java(TM) SE Runtime Environment (17.0.6+9) (build 17.0.6+9-LTS-190)
# Java VM: Java HotSpot(TM) 64-Bit Server VM (17.0.6+9-LTS-190, mixed mode, sharing, tiered, compressed oops, compressed class ptrs, g1 gc, windows-amd64)
# No core dump will be written. Minidumps are not enabled by default on client versions of Windows
#

---------------  S U M M A R Y ------------

Command Line: -Dfile.encoding=UTF-8 --module-path=C:\Users\USER\OneDrive\Desktop\abir_sir_bank_project\bankManegment\build\classes bankmanegment.SignUpOne

Host: 11th Gen Intel(R) Core(TM) i5-1135G7 @ 2.40GHz, 8 cores, 11G,  Windows 11 , 64 bit Build 22621 (10.0.22621.1778)
Time: Tue Jun 27 05:53:29 2023 Eastern Daylight Time elapsed time: 0.531025 seconds (0d 0h 0m 0s)

---------------  T H R E A D  ---------------

Current thread (0x000001d107f08800):  JavaThread "C2 CompilerThread1" daemon [_thread_in_native, id=11144, stack(0x0000009228b00000,0x0000009228c00000)]


Current CompileTask:
C2:    531 1204       4       java.nio.ByteBuffer::position (6 bytes)

Stack: [0x0000009228b00000,0x0000009228c00000]
Native frames: (J=compiled Java code, j=interpreted, Vv=VM code, C=native code)
V  [jvm.dll+0x6734ea]
V  [jvm.dll+0x7d18f4]
V  [jvm.dll+0x7d309e]
V  [jvm.dll+0x7d3703]
V  [jvm.dll+0x2433c5]
V  [jvm.dll+0xaa6c0]
V  [jvm.dll+0xaaa0c]
V  [jvm.dll+0x6be51d]
V  [jvm.dll+0x1b9771]
V  [jvm.dll+0x215f37]
V  [jvm.dll+0x215211]
V  [jvm.dll+0x1a1730]
V  [jvm.dll+0x224b6e]
V  [jvm.dll+0x222f15]
V  [jvm.dll+0x78753c]
V  [jvm.dll+0x781a7a]
V  [jvm.dll+0x672375]
C  [ucrtbase.dll+0x29363]
C  [KERNEL32.DLL+0x126ad]
C  [ntdll.dll+0x5a9f8]


---------------  P R O C E S S  ---------------

Threads class SMR info:
_java_thread_list=0x000001d108035ee0, length=20, elements={
0x000001d1063a9ee0, 0x000001d1063aaa90, 0x000001d1063bb9d0, 0x000001d1063be490,
0x000001d1063bee40, 0x000001d1063bf7f0, 0x000001d1063c19a0, 0x000001d1063c4bf0,
0x000001d1063c6590, 0x000001d106e0ebe0, 0x000001d106e83440, 0x000001d107078440,
0x000001d10707bbe0, 0x000001d107086f90, 0x000001d1070ac7e0, 0x000001d1070c75f0,
0x000001d107ec44a0, 0x000001d107f08800, 0x000001d107ec57e0, 0x000001d107ec5cb0
}

Java Threads: ( => current thread )
  0x000001d1063a9ee0 JavaThread "Reference Handler" daemon [_thread_blocked, id=21952, stack(0x0000009227900000,0x0000009227a00000)]
  0x000001d1063aaa90 JavaThread "Finalizer" daemon [_thread_blocked, id=30788, stack(0x0000009227a00000,0x0000009227b00000)]
  0x000001d1063bb9d0 JavaThread "Signal Dispatcher" daemon [_thread_blocked, id=35504, stack(0x0000009227b00000,0x0000009227c00000)]
  0x000001d1063be490 JavaThread "Attach Listener" daemon [_thread_blocked, id=31156, stack(0x0000009227c00000,0x0000009227d00000)]
  0x000001d1063bee40 JavaThread "Service Thread" daemon [_thread_blocked, id=25756, stack(0x0000009227d00000,0x0000009227e00000)]
  0x000001d1063bf7f0 JavaThread "Monitor Deflation Thread" daemon [_thread_blocked, id=19548, stack(0x0000009227e00000,0x0000009227f00000)]
  0x000001d1063c19a0 JavaThread "C2 CompilerThread0" daemon [_thread_in_native, id=20916, stack(0x0000009227f00000,0x0000009228000000)]
  0x000001d1063c4bf0 JavaThread "C1 CompilerThread0" daemon [_thread_in_native, id=33980, stack(0x0000009228000000,0x0000009228100000)]
  0x000001d1063c6590 JavaThread "Sweeper thread" daemon [_thread_blocked, id=32448, stack(0x0000009228100000,0x0000009228200000)]
  0x000001d106e0ebe0 JavaThread "Common-Cleaner" daemon [_thread_blocked, id=37660, stack(0x0000009228200000,0x0000009228300000)]
  0x000001d106e83440 JavaThread "Notification Thread" daemon [_thread_blocked, id=36516, stack(0x0000009228300000,0x0000009228400000)]
  0x000001d107078440 JavaThread "Java2D Disposer" daemon [_thread_blocked, id=29476, stack(0x0000009228500000,0x0000009228600000)]
  0x000001d10707bbe0 JavaThread "AWT-Shutdown" [_thread_blocked, id=13708, stack(0x0000009228600000,0x0000009228700000)]
  0x000001d107086f90 JavaThread "AWT-Windows" daemon [_thread_in_native, id=36208, stack(0x0000009228700000,0x0000009228800000)]
  0x000001d1070ac7e0 JavaThread "EventQueueMonitor-ComponentEvtDispatch" daemon [_thread_blocked, id=9312, stack(0x0000009228800000,0x0000009228900000)]
  0x000001d1070c75f0 JavaThread "Thread-1" daemon [_thread_in_native, id=17364, stack(0x0000009228900000,0x0000009228a00000)]
  0x000001d107ec44a0 JavaThread "Image Fetcher 0" daemon [_thread_blocked, id=22408, stack(0x0000009228a00000,0x0000009228b00000)]
=>0x000001d107f08800 JavaThread "C2 CompilerThread1" daemon [_thread_in_native, id=11144, stack(0x0000009228b00000,0x0000009228c00000)]
  0x000001d107ec57e0 JavaThread "AWT-EventQueue-0" [_thread_in_Java, id=34560, stack(0x0000009228c00000,0x0000009228d00000)]
  0x000001d107ec5cb0 JavaThread "DestroyJavaVM" [_thread_blocked, id=32656, stack(0x0000009227200000,0x0000009227300000)]

Other Threads:
  0x000001d1063a2890 VMThread "VM Thread" [stack: 0x0000009227800000,0x0000009227900000] [id=18340]
  0x000001d165ede350 WatcherThread [stack: 0x0000009228400000,0x0000009228500000] [id=34216]
  0x000001d165ec7830 GCTaskThread "GC Thread#0" [stack: 0x0000009227300000,0x0000009227400000] [id=34472]
  0x000001d165ed42b0 ConcurrentGCThread "G1 Main Marker" [stack: 0x0000009227400000,0x0000009227500000] [id=28568]
  0x000001d165ed4cc0 ConcurrentGCThread "G1 Conc#0" [stack: 0x0000009227500000,0x0000009227600000] [id=37684]
  0x000001d106261180 ConcurrentGCThread "G1 Refine#0" [stack: 0x0000009227600000,0x0000009227700000] [id=36292]
  0x000001d106261950 ConcurrentGCThread "G1 Service" [stack: 0x0000009227700000,0x0000009227800000] [id=37508]

Threads with active compile tasks:
C2 CompilerThread0      545 1203   !   4       sun.font.TrueTypeFont::getTableBuffer (215 bytes)
C1 CompilerThread0      545 1211       3       java.io.RandomAccessFile::<init> (262 bytes)
C2 CompilerThread1      545 1204       4       java.nio.ByteBuffer::position (6 bytes)

VM state: not at safepoint (normal execution)

VM Mutex/Monitor currently owned by a thread: None

Heap address: 0x0000000744c00000, size: 2996 MB, Compressed Oops mode: Zero based, Oop shift amount: 3

CDS archive(s) mapped at: [0x0000000800000000-0x0000000800bd0000-0x0000000800bd0000), size 12386304, SharedBaseAddress: 0x0000000800000000, ArchiveRelocationMode: 0.
Compressed class space mapped at: 0x0000000800c00000-0x0000000840c00000, reserved size: 1073741824
Narrow klass base: 0x0000000800000000, Narrow klass shift: 0, Narrow klass range: 0x100000000

GC Precious Log:
 CPUs: 8 total, 8 available
 Memory: 11982M
 Large Page Support: Disabled
 NUMA Support: Disabled
 Compressed Oops: Enabled (Zero based)
 Heap Region Size: 2M
 Heap Min Capacity: 8M
 Heap Initial Capacity: 188M
 Heap Max Capacity: 2996M
 Pre-touch: Disabled
 Parallel Workers: 8
 Concurrent Workers: 2
 Concurrent Refinement Workers: 8
 Periodic GC: Disabled

Heap:
 garbage-first heap   total 192512K, used 20480K [0x0000000744c00000, 0x0000000800000000)
  region size 2048K, 9 young (18432K), 0 survivors (0K)
 Metaspace       used 9208K, committed 9472K, reserved 1064960K
  class space    used 1081K, committed 1216K, reserved 1048576K

Heap Regions: E=young(eden), S=young(survivor), O=old, HS=humongous(starts), HC=humongous(continues), CS=collection set, F=free, OA=open archive, CA=closed archive, TAMS=top-at-mark-start (previous, next)
|   0|0x0000000744c00000, 0x0000000744e00000, 0x0000000744e00000|100%|HS|  |TAMS 0x0000000744c00000, 0x0000000744c00000| Complete 
|   1|0x0000000744e00000, 0x0000000745000000, 0x0000000745000000|100%|HC|  |TAMS 0x0000000744e00000, 0x0000000744e00000| Complete 
|   2|0x0000000745000000, 0x0000000745000000, 0x0000000745200000|  0%| F|  |TAMS 0x0000000745000000, 0x0000000745000000| Untracked 
|   3|0x0000000745200000, 0x0000000745200000, 0x0000000745400000|  0%| F|  |TAMS 0x0000000745200000, 0x0000000745200000| Untracked 
|   4|0x0000000745400000, 0x0000000745400000, 0x0000000745600000|  0%| F|  |TAMS 0x0000000745400000, 0x0000000745400000| Untracked 
|   5|0x0000000745600000, 0x0000000745600000, 0x0000000745800000|  0%| F|  |TAMS 0x0000000745600000, 0x0000000745600000| Untracked 
|   6|0x0000000745800000, 0x0000000745800000, 0x0000000745a00000|  0%| F|  |TAMS 0x0000000745800000, 0x0000000745800000| Untracked 
|   7|0x0000000745a00000, 0x0000000745a00000, 0x0000000745c00000|  0%| F|  |TAMS 0x0000000745a00000, 0x0000000745a00000| Untracked 
|   8|0x0000000745c00000, 0x0000000745c00000, 0x0000000745e00000|  0%| F|  |TAMS 0x0000000745c00000, 0x0000000745c00000| Untracked 
|   9|0x0000000745e00000, 0x0000000745e00000, 0x0000000746000000|  0%| F|  |TAMS 0x0000000745e00000, 0x0000000745e00000| Untracked 
|  10|0x0000000746000000, 0x0000000746000000, 0x0000000746200000|  0%| F|  |TAMS 0x0000000746000000, 0x0000000746000000| Untracked 
|  11|0x0000000746200000, 0x0000000746200000, 0x0000000746400000|  0%| F|  |TAMS 0x0000000746200000, 0x0000000746200000| Untracked 
|  12|0x0000000746400000, 0x0000000746400000, 0x0000000746600000|  0%| F|  |TAMS 0x0000000746400000, 0x0000000746400000| Untracked 
|  13|0x0000000746600000, 0x0000000746600000, 0x0000000746800000|  0%| F|  |TAMS 0x0000000746600000, 0x0000000746600000| Untracked 
|  14|0x0000000746800000, 0x0000000746800000, 0x0000000746a00000|  0%| F|  |TAMS 0x0000000746800000, 0x0000000746800000| Untracked 
|  15|0x0000000746a00000, 0x0000000746a00000, 0x0000000746c00000|  0%| F|  |TAMS 0x0000000746a00000, 0x0000000746a00000| Untracked 
|  16|0x0000000746c00000, 0x0000000746c00000, 0x0000000746e00000|  0%| F|  |TAMS 0x0000000746c00000, 0x0000000746c00000| Untracked 
|  17|0x0000000746e00000, 0x0000000746e00000, 0x0000000747000000|  0%| F|  |TAMS 0x0000000746e00000, 0x0000000746e00000| Untracked 
|  18|0x0000000747000000, 0x0000000747000000, 0x0000000747200000|  0%| F|  |TAMS 0x0000000747000000, 0x0000000747000000| Untracked 
|  19|0x0000000747200000, 0x0000000747200000, 0x0000000747400000|  0%| F|  |TAMS 0x0000000747200000, 0x0000000747200000| Untracked 
|  20|0x0000000747400000, 0x0000000747400000, 0x0000000747600000|  0%| F|  |TAMS 0x0000000747400000, 0x0000000747400000| Untracked 
|  21|0x0000000747600000, 0x0000000747600000, 0x0000000747800000|  0%| F|  |TAMS 0x0000000747600000, 0x0000000747600000| Untracked 
|  22|0x0000000747800000, 0x0000000747800000, 0x0000000747a00000|  0%| F|  |TAMS 0x0000000747800000, 0x0000000747800000| Untracked 
|  23|0x0000000747a00000, 0x0000000747a00000, 0x0000000747c00000|  0%| F|  |TAMS 0x0000000747a00000, 0x0000000747a00000| Untracked 
|  24|0x0000000747c00000, 0x0000000747c00000, 0x0000000747e00000|  0%| F|  |TAMS 0x0000000747c00000, 0x0000000747c00000| Untracked 
|  25|0x0000000747e00000, 0x0000000747e00000, 0x0000000748000000|  0%| F|  |TAMS 0x0000000747e00000, 0x0000000747e00000| Untracked 
|  26|0x0000000748000000, 0x0000000748000000, 0x0000000748200000|  0%| F|  |TAMS 0x0000000748000000, 0x0000000748000000| Untracked 
|  27|0x0000000748200000, 0x0000000748200000, 0x0000000748400000|  0%| F|  |TAMS 0x0000000748200000, 0x0000000748200000| Untracked 
|  28|0x0000000748400000, 0x0000000748400000, 0x0000000748600000|  0%| F|  |TAMS 0x0000000748400000, 0x0000000748400000| Untracked 
|  29|0x0000000748600000, 0x0000000748600000, 0x0000000748800000|  0%| F|  |TAMS 0x0000000748600000, 0x0000000748600000| Untracked 
|  30|0x0000000748800000, 0x0000000748800000, 0x0000000748a00000|  0%| F|  |TAMS 0x0000000748800000, 0x0000000748800000| Untracked 
|  31|0x0000000748a00000, 0x0000000748a00000, 0x0000000748c00000|  0%| F|  |TAMS 0x0000000748a00000, 0x0000000748a00000| Untracked 
|  32|0x0000000748c00000, 0x0000000748c00000, 0x0000000748e00000|  0%| F|  |TAMS 0x0000000748c00000, 0x0000000748c00000| Untracked 
|  33|0x0000000748e00000, 0x0000000748e00000, 0x0000000749000000|  0%| F|  |TAMS 0x0000000748e00000, 0x0000000748e00000| Untracked 
|  34|0x0000000749000000, 0x0000000749000000, 0x0000000749200000|  0%| F|  |TAMS 0x0000000749000000, 0x0000000749000000| Untracked 
|  35|0x0000000749200000, 0x0000000749200000, 0x0000000749400000|  0%| F|  |TAMS 0x0000000749200000, 0x0000000749200000| Untracked 
|  36|0x0000000749400000, 0x0000000749400000, 0x0000000749600000|  0%| F|  |TAMS 0x0000000749400000, 0x0000000749400000| Untracked 
|  37|0x0000000749600000, 0x0000000749600000, 0x0000000749800000|  0%| F|  |TAMS 0x0000000749600000, 0x0000000749600000| Untracked 
|  38|0x0000000749800000, 0x0000000749800000, 0x0000000749a00000|  0%| F|  |TAMS 0x0000000749800000, 0x0000000749800000| Untracked 
|  39|0x0000000749a00000, 0x0000000749a00000, 0x0000000749c00000|  0%| F|  |TAMS 0x0000000749a00000, 0x0000000749a00000| Untracked 
|  40|0x0000000749c00000, 0x0000000749c00000, 0x0000000749e00000|  0%| F|  |TAMS 0x0000000749c00000, 0x0000000749c00000| Untracked 
|  41|0x0000000749e00000, 0x0000000749e00000, 0x000000074a000000|  0%| F|  |TAMS 0x0000000749e00000, 0x0000000749e00000| Untracked 
|  42|0x000000074a000000, 0x000000074a000000, 0x000000074a200000|  0%| F|  |TAMS 0x000000074a000000, 0x000000074a000000| Untracked 
|  43|0x000000074a200000, 0x000000074a200000, 0x000000074a400000|  0%| F|  |TAMS 0x000000074a200000, 0x000000074a200000| Untracked 
|  44|0x000000074a400000, 0x000000074a400000, 0x000000074a600000|  0%| F|  |TAMS 0x000000074a400000, 0x000000074a400000| Untracked 
|  45|0x000000074a600000, 0x000000074a600000, 0x000000074a800000|  0%| F|  |TAMS 0x000000074a600000, 0x000000074a600000| Untracked 
|  46|0x000000074a800000, 0x000000074a800000, 0x000000074aa00000|  0%| F|  |TAMS 0x000000074a800000, 0x000000074a800000| Untracked 
|  47|0x000000074aa00000, 0x000000074aa00000, 0x000000074ac00000|  0%| F|  |TAMS 0x000000074aa00000, 0x000000074aa00000| Untracked 
|  48|0x000000074ac00000, 0x000000074ac00000, 0x000000074ae00000|  0%| F|  |TAMS 0x000000074ac00000, 0x000000074ac00000| Untracked 
|  49|0x000000074ae00000, 0x000000074ae00000, 0x000000074b000000|  0%| F|  |TAMS 0x000000074ae00000, 0x000000074ae00000| Untracked 
|  50|0x000000074b000000, 0x000000074b000000, 0x000000074b200000|  0%| F|  |TAMS 0x000000074b000000, 0x000000074b000000| Untracked 
|  51|0x000000074b200000, 0x000000074b200000, 0x000000074b400000|  0%| F|  |TAMS 0x000000074b200000, 0x000000074b200000| Untracked 
|  52|0x000000074b400000, 0x000000074b400000, 0x000000074b600000|  0%| F|  |TAMS 0x000000074b400000, 0x000000074b400000| Untracked 
|  53|0x000000074b600000, 0x000000074b600000, 0x000000074b800000|  0%| F|  |TAMS 0x000000074b600000, 0x000000074b600000| Untracked 
|  54|0x000000074b800000, 0x000000074b800000, 0x000000074ba00000|  0%| F|  |TAMS 0x000000074b800000, 0x000000074b800000| Untracked 
|  55|0x000000074ba00000, 0x000000074ba00000, 0x000000074bc00000|  0%| F|  |TAMS 0x000000074ba00000, 0x000000074ba00000| Untracked 
|  56|0x000000074bc00000, 0x000000074bc00000, 0x000000074be00000|  0%| F|  |TAMS 0x000000074bc00000, 0x000000074bc00000| Untracked 
|  57|0x000000074be00000, 0x000000074be00000, 0x000000074c000000|  0%| F|  |TAMS 0x000000074be00000, 0x000000074be00000| Untracked 
|  58|0x000000074c000000, 0x000000074c000000, 0x000000074c200000|  0%| F|  |TAMS 0x000000074c000000, 0x000000074c000000| Untracked 
|  59|0x000000074c200000, 0x000000074c200000, 0x000000074c400000|  0%| F|  |TAMS 0x000000074c200000, 0x000000074c200000| Untracked 
|  60|0x000000074c400000, 0x000000074c400000, 0x000000074c600000|  0%| F|  |TAMS 0x000000074c400000, 0x000000074c400000| Untracked 
|  61|0x000000074c600000, 0x000000074c600000, 0x000000074c800000|  0%| F|  |TAMS 0x000000074c600000, 0x000000074c600000| Untracked 
|  62|0x000000074c800000, 0x000000074c800000, 0x000000074ca00000|  0%| F|  |TAMS 0x000000074c800000, 0x000000074c800000| Untracked 
|  63|0x000000074ca00000, 0x000000074ca00000, 0x000000074cc00000|  0%| F|  |TAMS 0x000000074ca00000, 0x000000074ca00000| Untracked 
|  64|0x000000074cc00000, 0x000000074cc00000, 0x000000074ce00000|  0%| F|  |TAMS 0x000000074cc00000, 0x000000074cc00000| Untracked 
|  65|0x000000074ce00000, 0x000000074ce00000, 0x000000074d000000|  0%| F|  |TAMS 0x000000074ce00000, 0x000000074ce00000| Untracked 
|  66|0x000000074d000000, 0x000000074d000000, 0x000000074d200000|  0%| F|  |TAMS 0x000000074d000000, 0x000000074d000000| Untracked 
|  67|0x000000074d200000, 0x000000074d200000, 0x000000074d400000|  0%| F|  |TAMS 0x000000074d200000, 0x000000074d200000| Untracked 
|  68|0x000000074d400000, 0x000000074d400000, 0x000000074d600000|  0%| F|  |TAMS 0x000000074d400000, 0x000000074d400000| Untracked 
|  69|0x000000074d600000, 0x000000074d600000, 0x000000074d800000|  0%| F|  |TAMS 0x000000074d600000, 0x000000074d600000| Untracked 
|  70|0x000000074d800000, 0x000000074d800000, 0x000000074da00000|  0%| F|  |TAMS 0x000000074d800000, 0x000000074d800000| Untracked 
|  71|0x000000074da00000, 0x000000074da00000, 0x000000074dc00000|  0%| F|  |TAMS 0x000000074da00000, 0x000000074da00000| Untracked 
|  72|0x000000074dc00000, 0x000000074dc00000, 0x000000074de00000|  0%| F|  |TAMS 0x000000074dc00000, 0x000000074dc00000| Untracked 
|  73|0x000000074de00000, 0x000000074de00000, 0x000000074e000000|  0%| F|  |TAMS 0x000000074de00000, 0x000000074de00000| Untracked 
|  74|0x000000074e000000, 0x000000074e000000, 0x000000074e200000|  0%| F|  |TAMS 0x000000074e000000, 0x000000074e000000| Untracked 
|  75|0x000000074e200000, 0x000000074e200000, 0x000000074e400000|  0%| F|  |TAMS 0x000000074e200000, 0x000000074e200000| Untracked 
|  76|0x000000074e400000, 0x000000074e400000, 0x000000074e600000|  0%| F|  |TAMS 0x000000074e400000, 0x000000074e400000| Untracked 
|  77|0x000000074e600000, 0x000000074e600000, 0x000000074e800000|  0%| F|  |TAMS 0x000000074e600000, 0x000000074e600000| Untracked 
|  78|0x000000074e800000, 0x000000074e800000, 0x000000074ea00000|  0%| F|  |TAMS 0x000000074e800000, 0x000000074e800000| Untracked 
|  79|0x000000074ea00000, 0x000000074ea00000, 0x000000074ec00000|  0%| F|  |TAMS 0x000000074ea00000, 0x000000074ea00000| Untracked 
|  80|0x000000074ec00000, 0x000000074ec00000, 0x000000074ee00000|  0%| F|  |TAMS 0x000000074ec00000, 0x000000074ec00000| Untracked 
|  81|0x000000074ee00000, 0x000000074ee00000, 0x000000074f000000|  0%| F|  |TAMS 0x000000074ee00000, 0x000000074ee00000| Untracked 
|  82|0x000000074f000000, 0x000000074f000000, 0x000000074f200000|  0%| F|  |TAMS 0x000000074f000000, 0x000000074f000000| Untracked 
|  83|0x000000074f200000, 0x000000074f200000, 0x000000074f400000|  0%| F|  |TAMS 0x000000074f200000, 0x000000074f200000| Untracked 
|  84|0x000000074f400000, 0x000000074f400000, 0x000000074f600000|  0%| F|  |TAMS 0x000000074f400000, 0x000000074f400000| Untracked 
|  85|0x000000074f600000, 0x000000074f800000, 0x000000074f800000|100%| E|  |TAMS 0x000000074f600000, 0x000000074f600000| Complete 
|  86|0x000000074f800000, 0x000000074fa00000, 0x000000074fa00000|100%| E|CS|TAMS 0x000000074f800000, 0x000000074f800000| Complete 
|  87|0x000000074fa00000, 0x000000074fc00000, 0x000000074fc00000|100%| E|CS|TAMS 0x000000074fa00000, 0x000000074fa00000| Complete 
|  88|0x000000074fc00000, 0x000000074fe00000, 0x000000074fe00000|100%| E|CS|TAMS 0x000000074fc00000, 0x000000074fc00000| Complete 
|  89|0x000000074fe00000, 0x0000000750000000, 0x0000000750000000|100%| E|CS|TAMS 0x000000074fe00000, 0x000000074fe00000| Complete 
|  90|0x0000000750000000, 0x0000000750200000, 0x0000000750200000|100%| E|CS|TAMS 0x0000000750000000, 0x0000000750000000| Complete 
|  91|0x0000000750200000, 0x0000000750400000, 0x0000000750400000|100%| E|CS|TAMS 0x0000000750200000, 0x0000000750200000| Complete 
|  92|0x0000000750400000, 0x0000000750600000, 0x0000000750600000|100%| E|CS|TAMS 0x0000000750400000, 0x0000000750400000| Complete 
|  93|0x0000000750600000, 0x0000000750800000, 0x0000000750800000|100%| E|CS|TAMS 0x0000000750600000, 0x0000000750600000| Complete 

Card table byte_map: [0x000001d17d000000,0x000001d17d5e0000] _byte_map_base: 0x000001d1795da000

Marking Bits (Prev, Next): (CMBitMap*) 0x000001d165ec7e40, (CMBitMap*) 0x000001d165ec7e80
 Prev Bits: [0x000001d100000000, 0x000001d102ed0000)
 Next Bits: [0x000001d102ed0000, 0x000001d105da0000)

Polling page: 0x000001d163dc0000

Metaspace:

Usage:
  Non-class:      7.95 MB used.
      Class:      1.06 MB used.
       Both:      9.01 MB used.

Virtual space:
  Non-class space:       16.00 MB reserved,       8.06 MB ( 50%) committed,  2 nodes.
      Class space:        1.00 GB reserved,       1.19 MB ( <1%) committed,  1 nodes.
             Both:        1.02 GB reserved,       9.25 MB ( <1%) committed. 

Chunk freelists:
   Non-Class:  3.98 MB
       Class:  2.74 MB
        Both:  6.72 MB

MaxMetaspaceSize: unlimited
CompressedClassSpaceSize: 1.00 GB
Initial GC threshold: 21.00 MB
Current GC threshold: 21.00 MB
CDS: on
MetaspaceReclaimPolicy: balanced
 - commit_granule_bytes: 65536.
 - commit_granule_words: 8192.
 - virtual_space_node_default_size: 1048576.
 - enlarge_chunks_in_place: 1.
 - new_chunks_are_fully_committed: 0.
 - uncommit_free_chunks: 1.
 - use_allocation_guard: 0.
 - handle_deallocations: 1.


Internal statistics:

num_allocs_failed_limit: 0.
num_arena_births: 122.
num_arena_deaths: 0.
num_vsnodes_births: 3.
num_vsnodes_deaths: 0.
num_space_committed: 148.
num_space_uncommitted: 0.
num_chunks_returned_to_freelist: 0.
num_chunks_taken_from_freelist: 175.
num_chunk_merges: 0.
num_chunk_splits: 100.
num_chunks_enlarged: 42.
num_purges: 0.
num_inconsistent_stats: 0.

CodeHeap 'non-profiled nmethods': size=120000Kb used=329Kb max_used=329Kb free=119670Kb
 bounds [0x000001d1751c0000, 0x000001d175430000, 0x000001d17c6f0000]
CodeHeap 'profiled nmethods': size=120000Kb used=1957Kb max_used=1957Kb free=118042Kb
 bounds [0x000001d16d6f0000, 0x000001d16d960000, 0x000001d174c20000]
CodeHeap 'non-nmethods': size=5760Kb used=1285Kb max_used=1313Kb free=4474Kb
 bounds [0x000001d174c20000, 0x000001d174e90000, 0x000001d1751c0000]
 total_blobs=1806 nmethods=1204 adapters=515
 compilation: enabled
              stopped_count=0, restarted_count=0
 full_count=0

Compilation events (20 events):
Event: 0.524 Thread 0x000001d1063c4bf0 1194       3       sun.nio.ch.NativeDispatcher::<init> (5 bytes)
Event: 0.524 Thread 0x000001d1063c4bf0 nmethod 1194 0x000001d16d8d4b90 code [0x000001d16d8d4d20, 0x000001d16d8d4e78]
Event: 0.524 Thread 0x000001d1063c4bf0 1195   !   3       sun.nio.cs.UnicodeDecoder::decodeLoop (304 bytes)
Event: 0.524 Thread 0x000001d107f08800 1196       4       java.nio.Buffer::remaining (20 bytes)
Event: 0.524 Thread 0x000001d1063c19a0 1197       4       sun.nio.cs.UnicodeDecoder::decode (24 bytes)
Event: 0.524 Thread 0x000001d107f08800 nmethod 1196 0x000001d175211290 code [0x000001d175211400, 0x000001d175211498]
Event: 0.524 Thread 0x000001d107f08800 1198       4       java.nio.Buffer::hasRemaining (17 bytes)
Event: 0.525 Thread 0x000001d1063c19a0 nmethod 1197 0x000001d175211590 code [0x000001d175211700, 0x000001d1752117b8]
Event: 0.525 Thread 0x000001d107f08800 nmethod 1198 0x000001d175211890 code [0x000001d175211a00, 0x000001d175211a98]
Event: 0.525 Thread 0x000001d1063c4bf0 nmethod 1195 0x000001d16d8d4f10 code [0x000001d16d8d5280, 0x000001d16d8d6cf8]
Event: 0.525 Thread 0x000001d1063c4bf0 1199       3       java.util.HashSet::toArray (16 bytes)
Event: 0.525 Thread 0x000001d107f08800 1201       4       java.nio.MappedByteBuffer::position (6 bytes)
Event: 0.525 Thread 0x000001d1063c4bf0 nmethod 1199 0x000001d16d8d7490 code [0x000001d16d8d7640, 0x000001d16d8d7858]
Event: 0.525 Thread 0x000001d1063c4bf0 1200       3       java.util.HashMap::prepareArray (38 bytes)
Event: 0.525 Thread 0x000001d1063c4bf0 nmethod 1200 0x000001d16d8d7910 code [0x000001d16d8d7b00, 0x000001d16d8d8118]
Event: 0.525 Thread 0x000001d107f08800 nmethod 1201 0x000001d175211b90 code [0x000001d175211d00, 0x000001d175211df8]
Event: 0.526 Thread 0x000001d1063c4bf0 1202       3       java.lang.StringUTF16::newBytesFor (61 bytes)
Event: 0.526 Thread 0x000001d1063c19a0 1203   !   4       sun.font.TrueTypeFont::getTableBuffer (215 bytes)
Event: 0.527 Thread 0x000001d1063c4bf0 nmethod 1202 0x000001d16d8d8310 code [0x000001d16d8d8580, 0x000001d16d8d8e68]
Event: 0.529 Thread 0x000001d107f08800 1204       4       java.nio.ByteBuffer::position (6 bytes)

GC Heap History (0 events):
No events

Deoptimization events (20 events):
Event: 0.277 Thread 0x000001d165e68b50 Uncommon trap: trap_request=0xffffffde fr.pc=0x000001d1751f5770 relative=0x0000000000000430
Event: 0.277 Thread 0x000001d165e68b50 Uncommon trap: reason=class_check action=maybe_recompile pc=0x000001d1751f5770 method=java.util.HashMap.getNode(Ljava/lang/Object;)Ljava/util/HashMap$Node; @ 128 c2
Event: 0.277 Thread 0x000001d165e68b50 DEOPT PACKING pc=0x000001d1751f5770 sp=0x00000092272fedc0
Event: 0.277 Thread 0x000001d165e68b50 DEOPT UNPACKING pc=0x000001d174c75ba3 sp=0x00000092272fed48 mode 2
Event: 0.306 Thread 0x000001d165e68b50 Uncommon trap: trap_request=0xffffff45 fr.pc=0x000001d1751eb8c0 relative=0x0000000000000340
Event: 0.306 Thread 0x000001d165e68b50 Uncommon trap: reason=unstable_if action=reinterpret pc=0x000001d1751eb8c0 method=java.lang.StringUTF16.compress([CI[BII)I @ 20 c2
Event: 0.306 Thread 0x000001d165e68b50 DEOPT PACKING pc=0x000001d1751eb8c0 sp=0x00000092272fd870
Event: 0.306 Thread 0x000001d165e68b50 DEOPT UNPACKING pc=0x000001d174c75ba3 sp=0x00000092272fd7f0 mode 2
Event: 0.419 Thread 0x000001d107ec57e0 Uncommon trap: trap_request=0xffffff45 fr.pc=0x000001d175203294 relative=0x00000000000004d4
Event: 0.419 Thread 0x000001d107ec57e0 Uncommon trap: reason=unstable_if action=reinterpret pc=0x000001d175203294 method=java.lang.StringLatin1.toLowerCase(Ljava/lang/String;[BLjava/util/Locale;)Ljava/lang/String; @ 43 c2
Event: 0.419 Thread 0x000001d107ec57e0 DEOPT PACKING pc=0x000001d175203294 sp=0x0000009228cfd330
Event: 0.419 Thread 0x000001d107ec57e0 DEOPT UNPACKING pc=0x000001d174c75ba3 sp=0x0000009228cfd2a0 mode 2
Event: 0.511 Thread 0x000001d107ec57e0 Uncommon trap: trap_request=0xffffff45 fr.pc=0x000001d1751cae9c relative=0x000000000000019c
Event: 0.511 Thread 0x000001d107ec57e0 Uncommon trap: reason=unstable_if action=reinterpret pc=0x000001d1751cae9c method=java.lang.String.isLatin1()Z @ 10 c2
Event: 0.511 Thread 0x000001d107ec57e0 DEOPT PACKING pc=0x000001d1751cae9c sp=0x0000009228cfd320
Event: 0.511 Thread 0x000001d107ec57e0 DEOPT UNPACKING pc=0x000001d174c75ba3 sp=0x0000009228cfd250 mode 2
Event: 0.524 Thread 0x000001d107ec57e0 Uncommon trap: trap_request=0xffffff45 fr.pc=0x000001d17520fdb0 relative=0x00000000000003f0
Event: 0.524 Thread 0x000001d107ec57e0 Uncommon trap: reason=unstable_if action=reinterpret pc=0x000001d17520fdb0 method=java.lang.Character.isSurrogate(C)Z @ 3 c2
Event: 0.524 Thread 0x000001d107ec57e0 DEOPT PACKING pc=0x000001d17520fdb0 sp=0x0000009228cfd000
Event: 0.524 Thread 0x000001d107ec57e0 DEOPT UNPACKING pc=0x000001d174c75ba3 sp=0x0000009228cfcf28 mode 2

Classes unloaded (0 events):
No events

Classes redefined (0 events):
No events

Internal exceptions (18 events):
Event: 0.046 Thread 0x000001d165e68b50 Exception <a 'sun/nio/fs/WindowsException'{0x0000000750725f28}> (0x0000000750725f28) 
thrown [s\open\src\hotspot\share\prims\jni.cpp, line 516]
Event: 0.047 Thread 0x000001d165e68b50 Exception <a 'sun/nio/fs/WindowsException'{0x00000007507264a8}> (0x00000007507264a8) 
thrown [s\open\src\hotspot\share\prims\jni.cpp, line 516]
Event: 0.048 Thread 0x000001d165e68b50 Exception <a 'sun/nio/fs/WindowsException'{0x0000000750728980}> (0x0000000750728980) 
thrown [s\open\src\hotspot\share\prims\jni.cpp, line 516]
Event: 0.079 Thread 0x000001d165e68b50 Exception <a 'java/lang/ClassNotFoundException'{0x00000007504683b8}: sun/awt/resources/spi/awtProvider> (0x00000007504683b8) 
thrown [s\open\src\hotspot\share\classfile\systemDictionary.cpp, line 256]
Event: 0.122 Thread 0x000001d165e68b50 Exception <a 'java/lang/NoSuchMethodError'{0x0000000750504fb0}: 'java.lang.Object java.lang.invoke.DirectMethodHandle$Holder.invokeStaticInit(java.lang.Object)'> (0x0000000750504fb0) 
thrown [s\open\src\hotspot\share\interpreter\linkResolver.cpp, line 759]
Event: 0.139 Thread 0x000001d165e68b50 Exception <a 'java/lang/ClassNotFoundException'{0x0000000750527098}: com/sun/accessibility/internal/resources/spi/accessibilityProvider> (0x0000000750527098) 
thrown [s\open\src\hotspot\share\classfile\systemDictionary.cpp, line 256]
Event: 0.155 Thread 0x000001d165e68b50 Exception <a 'java/lang/NoSuchMethodError'{0x00000007505e0248}: 'void java.lang.invoke.DirectMethodHandle$Holder.invokeStatic(java.lang.Object, java.lang.Object)'> (0x00000007505e0248) 
thrown [s\open\src\hotspot\share\interpreter\linkResolver.cpp, line 759]
Event: 0.180 Thread 0x000001d165e68b50 Exception <a 'java/lang/NoSuchMethodError'{0x0000000750218f18}: 'void java.lang.invoke.DirectMethodHandle$Holder.invokeSpecial(java.lang.Object, java.lang.Object, java.lang.Object)'> (0x0000000750218f18) 
thrown [s\open\src\hotspot\share\interpreter\linkResolver.cpp, line 759]
Event: 0.187 Thread 0x000001d165e68b50 Exception <a 'java/lang/NoSuchMethodError'{0x0000000750242e10}: 'java.lang.Object java.lang.invoke.DirectMethodHandle$Holder.newInvokeSpecial(java.lang.Object, java.lang.Object, java.lang.Object, java.lang.Object, java.lang.Object)'> (0x0000000750242e10) 
thrown [s\open\src\hotspot\share\interpreter\linkResolver.cpp, line 759]
Event: 0.188 Thread 0x000001d165e68b50 Exception <a 'java/lang/NoSuchMethodError'{0x000000075024e7d8}: 'java.lang.Object java.lang.invoke.DirectMethodHandle$Holder.invokeStatic(java.lang.Object, int, java.lang.Object, java.lang.Object, java.lang.Object, java.lang.Object)'> (0x000000075024e7d8) 
thrown [s\open\src\hotspot\share\interpreter\linkResolver.cpp, line 759]
Event: 0.190 Thread 0x000001d165e68b50 Exception <a 'java/lang/NoSuchMethodError'{0x00000007502741d8}: 'java.lang.Object java.lang.invoke.DirectMethodHandle$Holder.invokeStatic(java.lang.Object, int, java.lang.Object)'> (0x00000007502741d8) 
thrown [s\open\src\hotspot\share\interpreter\linkResolver.cpp, line 759]
Event: 0.204 Thread 0x000001d165e68b50 Exception <a 'java/lang/ClassNotFoundException'{0x000000075032bbc0}: com/sun/swing/internal/plaf/metal/resources/spi/metalProvider> (0x000000075032bbc0) 
thrown [s\open\src\hotspot\share\classfile\systemDictionary.cpp, line 256]
Event: 0.204 Thread 0x000001d165e68b50 Exception <a 'java/lang/ClassNotFoundException'{0x000000075032fa18}: com/sun/swing/internal/plaf/basic/resources/spi/basicProvider> (0x000000075032fa18) 
thrown [s\open\src\hotspot\share\classfile\systemDictionary.cpp, line 256]
Event: 0.243 Thread 0x000001d107ec44a0 Exception <a 'java/lang/NoSuchMethodError'{0x00000007500d43f0}: 'java.lang.Object java.lang.invoke.DirectMethodHandle$Holder.newInvokeSpecial(java.lang.Object, java.lang.Object, java.lang.Object, int, int, int, int, int)'> (0x00000007500d43f0) 
thrown [s\open\src\hotspot\share\interpreter\linkResolver.cpp, line 759]
Event: 0.247 Thread 0x000001d107ec44a0 Exception <a 'sun/awt/image/ImageFormatException'{0x00000007500e0e00}: Insufficient memory (case 4)> (0x00000007500e0e00) 
thrown [s\open\src\hotspot\share\prims\jni.cpp, line 535]
Event: 0.250 Thread 0x000001d107ec44a0 Exception <a 'sun/awt/image/ImageFormatException'{0x00000007500e9fc8}: Insufficient memory (case 4)> (0x00000007500e9fc8) 
thrown [s\open\src\hotspot\share\prims\jni.cpp, line 535]
Event: 0.347 Thread 0x000001d107086f90 Exception <a 'java/lang/NoSuchMethodError'{0x0000000750563da0}: 'void java.lang.invoke.DirectMethodHandle$Holder.invokeVirtual(java.lang.Object, java.lang.Object)'> (0x0000000750563da0) 
thrown [s\open\src\hotspot\share\interpreter\linkResolver.cpp, line 759]
Event: 0.355 Thread 0x000001d165e68b50 Exception <a 'java/lang/NoSuchMethodError'{0x000000074fe4d8a8}: 'void java.lang.invoke.DirectMethodHandle$Holder.invokeStaticInit(java.lang.Object)'> (0x000000074fe4d8a8) 
thrown [s\open\src\hotspot\share\interpreter\linkResolver.cpp, line 759]

VM Operations (10 events):
Event: 0.048 Executing VM operation: HandshakeAllThreads
Event: 0.048 Executing VM operation: HandshakeAllThreads done
Event: 0.266 Executing VM operation: HandshakeAllThreads
Event: 0.266 Executing VM operation: HandshakeAllThreads done
Event: 0.310 Executing VM operation: HandshakeAllThreads
Event: 0.310 Executing VM operation: HandshakeAllThreads done
Event: 0.392 Executing VM operation: HandshakeAllThreads
Event: 0.392 Executing VM operation: HandshakeAllThreads done
Event: 0.522 Executing VM operation: ICBufferFull
Event: 0.522 Executing VM operation: ICBufferFull done

Events (20 events):
Event: 0.404 loading class java/awt/image/BufferedImage$1
Event: 0.404 loading class java/awt/image/BufferedImage$1 done
Event: 0.404 loading class sun/awt/image/BufImgSurfaceData
Event: 0.404 loading class sun/awt/image/BufImgSurfaceData done
Event: 0.404 loading class sun/awt/image/BufImgSurfaceData$ICMColorData
Event: 0.404 loading class sun/awt/image/BufImgSurfaceData$ICMColorData done
Event: 0.404 loading class sun/awt/image/BufferedImageDevice
Event: 0.404 loading class sun/awt/image/BufferedImageDevice done
Event: 0.406 loading class sun/swing/SwingUtilities2$KeyPair
Event: 0.406 loading class sun/swing/SwingUtilities2$KeyPair done
Event: 0.406 loading class sun/font/SunFontManager$FamilyDescription
Event: 0.406 loading class sun/font/SunFontManager$FamilyDescription done
Event: 0.418 loading class sun/font/SunFontManager$4
Event: 0.418 loading class sun/font/SunFontManager$4 done
Event: 0.426 loading class sun/font/SunFontManager$9
Event: 0.426 loading class sun/font/SunFontManager$9 done
Event: 0.428 loading class sun/font/SunFontManager$10
Event: 0.428 loading class sun/font/SunFontManager$10 done
Event: 0.514 loading class jdk/internal/access/foreign/MemorySegmentProxy
Event: 0.514 loading class jdk/internal/access/foreign/MemorySegmentProxy done


Dynamic libraries:
0x00007ff75e620000 - 0x00007ff75e630000 	C:\Program Files\Java\jdk-17\bin\java.exe
0x00007ff80c7f0000 - 0x00007ff80ca04000 	C:\WINDOWS\SYSTEM32\ntdll.dll
0x00007ff80b150000 - 0x00007ff80b212000 	C:\WINDOWS\System32\KERNEL32.DLL
0x00007ff809d50000 - 0x00007ff80a0f3000 	C:\WINDOWS\System32\KERNELBASE.dll
0x00007ff80a100000 - 0x00007ff80a211000 	C:\WINDOWS\System32\ucrtbase.dll
0x00007ff8060a0000 - 0x00007ff8060bb000 	C:\Program Files\Java\jdk-17\bin\VCRUNTIME140.dll
0x00007fffecd20000 - 0x00007fffecd38000 	C:\Program Files\Java\jdk-17\bin\jli.dll
0x00007ff80b0a0000 - 0x00007ff80b14e000 	C:\WINDOWS\System32\ADVAPI32.dll
0x00007ff80b900000 - 0x00007ff80b9a7000 	C:\WINDOWS\System32\msvcrt.dll
0x00007ff80bb70000 - 0x00007ff80bc14000 	C:\WINDOWS\System32\sechost.dll
0x00007ff80a860000 - 0x00007ff80a977000 	C:\WINDOWS\System32\RPCRT4.dll
0x00007ff80b750000 - 0x00007ff80b8fb000 	C:\WINDOWS\System32\USER32.dll
0x00007ff809cb0000 - 0x00007ff809cd6000 	C:\WINDOWS\System32\win32u.dll
0x00007fffe8fa0000 - 0x00007fffe922e000 	C:\WINDOWS\WinSxS\amd64_microsoft.windows.common-controls_6595b64144ccf1df_6.0.22621.1635_none_270f70857386168e\COMCTL32.dll
0x00007ff80bd00000 - 0x00007ff80bd29000 	C:\WINDOWS\System32\GDI32.dll
0x00007ff80a220000 - 0x00007ff80a339000 	C:\WINDOWS\System32\gdi32full.dll
0x00007ff80a3c0000 - 0x00007ff80a45a000 	C:\WINDOWS\System32\msvcp_win.dll
0x00007ff800260000 - 0x00007ff80026a000 	C:\WINDOWS\SYSTEM32\VERSION.dll
0x00007ff80bec0000 - 0x00007ff80bef1000 	C:\WINDOWS\System32\IMM32.DLL
0x00007ff806140000 - 0x00007ff80614c000 	C:\Program Files\Java\jdk-17\bin\vcruntime140_1.dll
0x00007fffdb170000 - 0x00007fffdb1fe000 	C:\Program Files\Java\jdk-17\bin\msvcp140.dll
0x00007fff70270000 - 0x00007fff70e47000 	C:\Program Files\Java\jdk-17\bin\server\jvm.dll
0x00007ff80bf00000 - 0x00007ff80bf08000 	C:\WINDOWS\System32\PSAPI.DLL
0x00007ff801370000 - 0x00007ff801379000 	C:\WINDOWS\SYSTEM32\WSOCK32.dll
0x00007ff801330000 - 0x00007ff801364000 	C:\WINDOWS\SYSTEM32\WINMM.dll
0x00007ff80c710000 - 0x00007ff80c781000 	C:\WINDOWS\System32\WS2_32.dll
0x00007ff808c40000 - 0x00007ff808c58000 	C:\WINDOWS\SYSTEM32\kernel.appcore.dll
0x00007ff804d80000 - 0x00007ff804d8a000 	C:\Program Files\Java\jdk-17\bin\jimage.dll
0x00007ff807200000 - 0x00007ff80742e000 	C:\WINDOWS\SYSTEM32\DBGHELP.DLL
0x00007ff80b3c0000 - 0x00007ff80b749000 	C:\WINDOWS\System32\combase.dll
0x00007ff80bc20000 - 0x00007ff80bcf7000 	C:\WINDOWS\System32\OLEAUT32.dll
0x00007fffe5e30000 - 0x00007fffe5e62000 	C:\WINDOWS\SYSTEM32\dbgcore.DLL
0x00007ff80a340000 - 0x00007ff80a3bb000 	C:\WINDOWS\System32\bcryptPrimitives.dll
0x00007ff8013b0000 - 0x00007ff8013d5000 	C:\Program Files\Java\jdk-17\bin\java.dll
0x00007fffed5e0000 - 0x00007fffed6b7000 	C:\Program Files\Java\jdk-17\bin\jsvml.dll
0x00007ff80bf10000 - 0x00007ff80c70a000 	C:\WINDOWS\System32\SHELL32.dll
0x00007ff807bf0000 - 0x00007ff8084be000 	C:\WINDOWS\SYSTEM32\windows.storage.dll
0x00007ff807ab0000 - 0x00007ff807bee000 	C:\WINDOWS\SYSTEM32\wintypes.dll
0x00007ff80af90000 - 0x00007ff80b081000 	C:\WINDOWS\System32\SHCORE.dll
0x00007ff80aab0000 - 0x00007ff80ab0e000 	C:\WINDOWS\System32\shlwapi.dll
0x00007ff809b20000 - 0x00007ff809b41000 	C:\WINDOWS\SYSTEM32\profapi.dll
0x00007fffed9c0000 - 0x00007fffed9d9000 	C:\Program Files\Java\jdk-17\bin\net.dll
0x00007ff8041c0000 - 0x00007ff8042f7000 	C:\WINDOWS\SYSTEM32\WINHTTP.dll
0x00007ff809120000 - 0x00007ff809189000 	C:\WINDOWS\system32\mswsock.dll
0x00007fffed990000 - 0x00007fffed9a6000 	C:\Program Files\Java\jdk-17\bin\nio.dll
0x00007fffed5c0000 - 0x00007fffed5d8000 	C:\Program Files\Java\jdk-17\bin\zip.dll
0x00007fffd2830000 - 0x00007fffd29c1000 	C:\Program Files\Java\jdk-17\bin\awt.dll
0x00007ff806b10000 - 0x00007ff806ba7000 	C:\WINDOWS\SYSTEM32\apphelp.dll
0x00007ff806f30000 - 0x00007ff806f5b000 	C:\WINDOWS\system32\DWMAPI.DLL
0x00007ff806cd0000 - 0x00007ff806d7b000 	C:\WINDOWS\system32\uxtheme.dll
0x00007fffe2170000 - 0x00007fffe2270000 	C:\WINDOWS\system32\opengl32.dll
0x00007fffeaa20000 - 0x00007fffeaa4d000 	C:\WINDOWS\SYSTEM32\GLU32.dll
0x00007ff806dc0000 - 0x00007ff806df8000 	C:\WINDOWS\SYSTEM32\dxcore.dll
0x00007ff80a980000 - 0x00007ff80aaa7000 	C:\WINDOWS\System32\MSCTF.dll
0x00007ff80b220000 - 0x00007ff80b3bc000 	C:\WINDOWS\System32\ole32.dll
0x00007fffed570000 - 0x00007fffed5ba000 	C:\Program Files\Java\jdk-17\bin\javaaccessbridge.dll
0x00007ff802880000 - 0x00007ff802887000 	C:\Program Files\Java\jdk-17\bin\jawt.dll
0x00007fffeb220000 - 0x00007fffeb24e000 	C:\Program Files\Java\jdk-17\bin\javajpeg.dll
0x00007fffd9050000 - 0x00007fffd90d6000 	C:\Program Files\Java\jdk-17\bin\freetype.dll
0x00007fffd8ee0000 - 0x00007fffd8fa5000 	C:\Program Files\Java\jdk-17\bin\fontmanager.dll
0x00007ff80a5d0000 - 0x00007ff80a680000 	C:\WINDOWS\System32\clbcatq.dll
0x00007ff805450000 - 0x00007ff805600000 	C:\WINDOWS\SYSTEM32\WindowsCodecs.dll
0x00007fffe2110000 - 0x00007fffe216e000 	C:\WINDOWS\system32\dataexchange.dll
0x00007ff802070000 - 0x00007ff8022de000 	C:\WINDOWS\system32\twinapi.appcore.dll
0x00007fffe5c80000 - 0x00007fffe5dad000 	C:\WINDOWS\SYSTEM32\textinputframework.dll

dbghelp: loaded successfully - version: 4.0.5 - missing functions: none
symbol engine: initialized successfully - sym options: 0x614 - pdb path: .;C:\Program Files\Java\jdk-17\bin;C:\WINDOWS\SYSTEM32;C:\WINDOWS\WinSxS\amd64_microsoft.windows.common-controls_6595b64144ccf1df_6.0.22621.1635_none_270f70857386168e;C:\Program Files\Java\jdk-17\bin\server

VM Arguments:
jvm_args: -Dfile.encoding=UTF-8 --module-path=C:\Users\USER\OneDrive\Desktop\abir_sir_bank_project\bankManegment\build\classes 
java_command: bankmanegment.SignUpOne
java_class_path (initial): G:\mysql-connector-java-8.0.28.jar;C:\Users\USER\OneDrive\Desktop\abir_sir_bank_project\bankManegment\build\classes
Launcher Type: SUN_STANDARD

[Global flags]
     intx CICompilerCount                          = 4                                         {product} {ergonomic}
     uint ConcGCThreads                            = 2                                         {product} {ergonomic}
     uint G1ConcRefinementThreads                  = 8                                         {product} {ergonomic}
   size_t G1HeapRegionSize                         = 2097152                                   {product} {ergonomic}
    uintx GCDrainStackTargetSize                   = 64                                        {product} {ergonomic}
   size_t InitialHeapSize                          = 197132288                                 {product} {ergonomic}
   size_t MarkStackSize                            = 4194304                                   {product} {ergonomic}
   size_t MaxHeapSize                              = 3141533696                                {product} {ergonomic}
   size_t MaxNewSize                               = 1883242496                                {product} {ergonomic}
   size_t MinHeapDeltaBytes                        = 2097152                                   {product} {ergonomic}
   size_t MinHeapSize                              = 8388608                                   {product} {ergonomic}
    uintx NonNMethodCodeHeapSize                   = 5839372                                {pd product} {ergonomic}
    uintx NonProfiledCodeHeapSize                  = 122909434                              {pd product} {ergonomic}
    uintx ProfiledCodeHeapSize                     = 122909434                              {pd product} {ergonomic}
    uintx ReservedCodeCacheSize                    = 251658240                              {pd product} {ergonomic}
     bool SegmentedCodeCache                       = true                                      {product} {ergonomic}
   size_t SoftMaxHeapSize                          = 3141533696                             {manageable} {ergonomic}
     bool UseCompressedClassPointers               = true                           {product lp64_product} {ergonomic}
     bool UseCompressedOops                        = true                           {product lp64_product} {ergonomic}
     bool UseG1GC                                  = true                                      {product} {ergonomic}
     bool UseLargePagesIndividualAllocation        = false                                  {pd product} {ergonomic}

Logging:
Log output configuration:
 #0: stdout all=warning uptime,level,tags
 #1: stderr all=off uptime,level,tags

Environment Variables:
JAVA_HOME=C:\Program Files\Java\jdk-17
PATH=C:\Program Files\Java\jdk-17\bin;C:\WINDOWS\system32;C:\WINDOWS;C:\WINDOWS\System32\Wbem;C:\WINDOWS\System32\WindowsPowerShell\v1.0\;C:\WINDOWS\System32\OpenSSH\;C:\Program Files\nodejs\;C:\MinGW\bin;C:\Program Files\Git\cmd;C:\Program Files\MySQL\MySQL Server 8.0\bin;C:\Users\USER\AppData\Local\Microsoft\WindowsApps;C:\Users\USER\AppData\Roaming\npm;C:\Program Files\CodeBlocks\MinGW\bin;C:\Users\USER\AppData\Local\Programs\Microsoft VS Code\bin;;C:\Program Files\JetBrains\IntelliJ IDEA Community Edition 2022.3.3\bin;
USERNAME=USER
OS=Windows_NT
PROCESSOR_IDENTIFIER=Intel64 Family 6 Model 140 Stepping 1, GenuineIntel



---------------  S Y S T E M  ---------------

OS:
 Windows 11 , 64 bit Build 22621 (10.0.22621.1778)
OS uptime: 1 days 21:39 hours

CPU: total 8 (initial active 8) (4 cores per cpu, 2 threads per core) family 6 model 140 stepping 1 microcode 0x86, cx8, cmov, fxsr, ht, mmx, 3dnowpref, sse, sse2, sse3, ssse3, sse4.1, sse4.2, popcnt, lzcnt, tsc, tscinvbit, avx, avx2, aes, erms, clmul, bmi1, bmi2, adx, avx512f, avx512dq, avx512cd, avx512bw, avx512vl, sha, fma, vzeroupper, avx512_vpopcntdq, avx512_vpclmulqdq, avx512_vaes, avx512_vnni, clflush, clflushopt, clwb, avx512_vbmi2, avx512_vbmi

Memory: 4k page, system-wide physical 11982M (2980M free)
TotalPageFile size 42393M (AvailPageFile size 0M)
current process WorkingSet (physical memory assigned to process): 77M, peak: 77M
current process commit charge ("private bytes"): 291M, peak: 296M

vm_info: Java HotSpot(TM) 64-Bit Server VM (17.0.6+9-LTS-190) for windows-amd64 JRE (17.0.6+9-LTS-190), built on Dec  6 2022 15:53:54 by "mach5one" with MS VC++ 17.1 (VS2022)

END.
