#
# There is insufficient memory for the Java Runtime Environment to continue.
# Native memory allocation (mmap) failed to map 65536 bytes for Failed to commit metaspace.
# Possible reasons:
#   The system is out of physical RAM or swap space
#   The process is running with CompressedOops enabled, and the Java Heap may be blocking the growth of the native heap
# Possible solutions:
#   Reduce memory load on the system
#   Increase physical memory or swap space
#   Check if swap backing store is full
#   Decrease Java heap size (-Xmx/-Xms)
#   Decrease number of Java threads
#   Decrease Java thread stack sizes (-Xss)
#   Set larger code cache with -XX:ReservedCodeCacheSize=
#   JVM is running with Zero Based Compressed Oops mode in which the Java heap is
#     placed in the first 32GB address space. The Java Heap base address is the
#     maximum limit for the native heap growth. Please use -XX:HeapBaseMinAddress
#     to set the Java Heap base and to place the Java Heap above 32GB virtual address.
# This output file may be truncated or incomplete.
#
#  Out of Memory Error (virtualSpaceNode.cpp:110), pid=38064, tid=35968
#
# JRE version: Java(TM) SE Runtime Environment (17.0.6+9) (build 17.0.6+9-LTS-190)
# Java VM: Java HotSpot(TM) 64-Bit Server VM (17.0.6+9-LTS-190, mixed mode, tiered, compressed oops, compressed class ptrs, g1 gc, windows-amd64)
# No core dump will be written. Minidumps are not enabled by default on client versions of Windows
#

---------------  S U M M A R Y ------------

Command Line: -Dfile.encoding=UTF-8 --module-path=C:\Users\USER\OneDrive\Desktop\abir_sir_bank_project\bankManegment\build\classes bankmanegment.LoginInFo

Host: 11th Gen Intel(R) Core(TM) i5-1135G7 @ 2.40GHz, 8 cores, 11G,  Windows 11 , 64 bit Build 22621 (10.0.22621.1778)
Time: Tue Jun 27 12:41:06 2023 Eastern Daylight Time elapsed time: 0.071837 seconds (0d 0h 0m 0s)

---------------  T H R E A D  ---------------

Current thread (0x000001d8165cf840):  JavaThread "main" [_thread_in_vm, id=35968, stack(0x00000011c3300000,0x00000011c3400000)]

Stack: [0x00000011c3300000,0x00000011c3400000]
Native frames: (J=compiled Java code, j=interpreted, Vv=VM code, C=native code)
V  [jvm.dll+0x6734ea]
V  [jvm.dll+0x7d18f4]
V  [jvm.dll+0x7d309e]
V  [jvm.dll+0x7d3703]
V  [jvm.dll+0x2433c5]
V  [jvm.dll+0x7cd9fb]
V  [jvm.dll+0x619546]
V  [jvm.dll+0x6195aa]
V  [jvm.dll+0x61bdcd]
V  [jvm.dll+0x619f06]
V  [jvm.dll+0x240e9c]
V  [jvm.dll+0x6c995d]
V  [jvm.dll+0x6ca35f]
V  [jvm.dll+0x36b265]
V  [jvm.dll+0x36b0d6]
V  [jvm.dll+0x36a442]
V  [jvm.dll+0x36a3e8]
V  [jvm.dll+0x37a0ea]
C  0x000001d82539b82d

Java frames: (J=compiled Java code, j=interpreted, Vv=VM code)
j  java.util.stream.StreamSupport.stream(Ljava/util/Spliterator;Z)Ljava/util/stream/Stream;+5 java.base@17.0.6
j  java.util.Collection.stream()Ljava/util/stream/Stream;+7 java.base@17.0.6
j  jdk.internal.module.DefaultRoots.compute(Ljava/lang/module/ModuleFinder;Ljava/lang/module/ModuleFinder;)Ljava/util/Set;+6 java.base@17.0.6
j  jdk.internal.module.ModuleBootstrap.boot2()Ljava/lang/ModuleLayer;+727 java.base@17.0.6
j  jdk.internal.module.ModuleBootstrap.boot()Ljava/lang/ModuleLayer;+64 java.base@17.0.6
j  java.lang.System.initPhase2(ZZ)I+0 java.base@17.0.6
v  ~StubRoutines::call_stub

---------------  P R O C E S S  ---------------

Threads class SMR info:
_java_thread_list=0x000001d83743bb50, length=10, elements={
0x000001d8165cf840, 0x000001d837420260, 0x000001d837420c10, 0x000001d83742d010,
0x000001d83742d9c0, 0x000001d83742e370, 0x000001d83742ed20, 0x000001d83742f910,
0x000001d837449f10, 0x000001d837452820
}

Java Threads: ( => current thread )
=>0x000001d8165cf840 JavaThread "main" [_thread_in_vm, id=35968, stack(0x00000011c3300000,0x00000011c3400000)]
  0x000001d837420260 JavaThread "Reference Handler" daemon [_thread_blocked, id=24340, stack(0x00000011c3a00000,0x00000011c3b00000)]
  0x000001d837420c10 JavaThread "Finalizer" daemon [_thread_blocked, id=30100, stack(0x00000011c3b00000,0x00000011c3c00000)]
  0x000001d83742d010 JavaThread "Signal Dispatcher" daemon [_thread_blocked, id=37052, stack(0x00000011c3c00000,0x00000011c3d00000)]
  0x000001d83742d9c0 JavaThread "Attach Listener" daemon [_thread_blocked, id=27872, stack(0x00000011c3d00000,0x00000011c3e00000)]
  0x000001d83742e370 JavaThread "Service Thread" daemon [_thread_blocked, id=31836, stack(0x00000011c3e00000,0x00000011c3f00000)]
  0x000001d83742ed20 JavaThread "Monitor Deflation Thread" daemon [_thread_blocked, id=36132, stack(0x00000011c3f00000,0x00000011c4000000)]
  0x000001d83742f910 JavaThread "C2 CompilerThread0" daemon [_thread_blocked, id=39640, stack(0x00000011c4000000,0x00000011c4100000)]
  0x000001d837449f10 JavaThread "C1 CompilerThread0" daemon [_thread_blocked, id=35348, stack(0x00000011c4100000,0x00000011c4200000)]
  0x000001d837452820 JavaThread "Sweeper thread" daemon [_thread_blocked, id=34028, stack(0x00000011c4200000,0x00000011c4300000)]

Other Threads:
  0x000001d836aebf40 VMThread "VM Thread" [stack: 0x00000011c3900000,0x00000011c3a00000] [id=39044]
  0x000001d816622830 GCTaskThread "GC Thread#0" [stack: 0x00000011c3400000,0x00000011c3500000] [id=33552]
  0x000001d81662f310 ConcurrentGCThread "G1 Main Marker" [stack: 0x00000011c3500000,0x00000011c3600000] [id=39064]
  0x000001d8166303c0 ConcurrentGCThread "G1 Conc#0" [stack: 0x00000011c3600000,0x00000011c3700000] [id=38460]
  0x000001d81669e4c0 ConcurrentGCThread "G1 Refine#0" [stack: 0x00000011c3700000,0x00000011c3800000] [id=35640]
  0x000001d81669ec80 ConcurrentGCThread "G1 Service" [stack: 0x00000011c3800000,0x00000011c3900000] [id=37164]

Threads with active compile tasks:

VM state: not at safepoint (normal execution)

VM Mutex/Monitor currently owned by a thread:  ([mutex/lock_event])
[0x000001d8165c9ad0] Metaspace_lock - owner thread: 0x000001d8165cf840

Heap address: 0x0000000744c00000, size: 2996 MB, Compressed Oops mode: Zero based, Oop shift amount: 3

CDS archive(s) not mapped
Compressed class space mapped at: 0x0000000800000000-0x0000000840000000, reserved size: 1073741824
Narrow klass base: 0x0000000800000000, Narrow klass shift: 0, Narrow klass range: 0x40000000

GC Precious Log:
 CPUs: 8 total, 8 available
 Memory: 11982M
 Large Page Support: Disabled
 NUMA Support: Disabled
 Compressed Oops: Enabled (Zero based)
 Heap Region Size: 2M
 Heap Min Capacity: 8M
 Heap Initial Capacity: 188M
 Heap Max Capacity: 2996M
 Pre-touch: Disabled
 Parallel Workers: 8
 Concurrent Workers: 2
 Concurrent Refinement Workers: 8
 Periodic GC: Disabled

Heap:
 garbage-first heap   total 192512K, used 0K [0x0000000744c00000, 0x0000000800000000)
  region size 2048K, 1 young (2048K), 0 survivors (0K)
 Metaspace       used 3745K, committed 3776K, reserved 1056768K
  class space    used 291K, committed 320K, reserved 1048576K

Heap Regions: E=young(eden), S=young(survivor), O=old, HS=humongous(starts), HC=humongous(continues), CS=collection set, F=free, OA=open archive, CA=closed archive, TAMS=top-at-mark-start (previous, next)
|   0|0x0000000744c00000, 0x0000000744c00000, 0x0000000744e00000|  0%| F|  |TAMS 0x0000000744c00000, 0x0000000744c00000| Untracked 
|   1|0x0000000744e00000, 0x0000000744e00000, 0x0000000745000000|  0%| F|  |TAMS 0x0000000744e00000, 0x0000000744e00000| Untracked 
|   2|0x0000000745000000, 0x0000000745000000, 0x0000000745200000|  0%| F|  |TAMS 0x0000000745000000, 0x0000000745000000| Untracked 
|   3|0x0000000745200000, 0x0000000745200000, 0x0000000745400000|  0%| F|  |TAMS 0x0000000745200000, 0x0000000745200000| Untracked 
|   4|0x0000000745400000, 0x0000000745400000, 0x0000000745600000|  0%| F|  |TAMS 0x0000000745400000, 0x0000000745400000| Untracked 
|   5|0x0000000745600000, 0x0000000745600000, 0x0000000745800000|  0%| F|  |TAMS 0x0000000745600000, 0x0000000745600000| Untracked 
|   6|0x0000000745800000, 0x0000000745800000, 0x0000000745a00000|  0%| F|  |TAMS 0x0000000745800000, 0x0000000745800000| Untracked 
|   7|0x0000000745a00000, 0x0000000745a00000, 0x0000000745c00000|  0%| F|  |TAMS 0x0000000745a00000, 0x0000000745a00000| Untracked 
|   8|0x0000000745c00000, 0x0000000745c00000, 0x0000000745e00000|  0%| F|  |TAMS 0x0000000745c00000, 0x0000000745c00000| Untracked 
|   9|0x0000000745e00000, 0x0000000745e00000, 0x0000000746000000|  0%| F|  |TAMS 0x0000000745e00000, 0x0000000745e00000| Untracked 
|  10|0x0000000746000000, 0x0000000746000000, 0x0000000746200000|  0%| F|  |TAMS 0x0000000746000000, 0x0000000746000000| Untracked 
|  11|0x0000000746200000, 0x0000000746200000, 0x0000000746400000|  0%| F|  |TAMS 0x0000000746200000, 0x0000000746200000| Untracked 
|  12|0x0000000746400000, 0x0000000746400000, 0x0000000746600000|  0%| F|  |TAMS 0x0000000746400000, 0x0000000746400000| Untracked 
|  13|0x0000000746600000, 0x0000000746600000, 0x0000000746800000|  0%| F|  |TAMS 0x0000000746600000, 0x0000000746600000| Untracked 
|  14|0x0000000746800000, 0x0000000746800000, 0x0000000746a00000|  0%| F|  |TAMS 0x0000000746800000, 0x0000000746800000| Untracked 
|  15|0x0000000746a00000, 0x0000000746a00000, 0x0000000746c00000|  0%| F|  |TAMS 0x0000000746a00000, 0x0000000746a00000| Untracked 
|  16|0x0000000746c00000, 0x0000000746c00000, 0x0000000746e00000|  0%| F|  |TAMS 0x0000000746c00000, 0x0000000746c00000| Untracked 
|  17|0x0000000746e00000, 0x0000000746e00000, 0x0000000747000000|  0%| F|  |TAMS 0x0000000746e00000, 0x0000000746e00000| Untracked 
|  18|0x0000000747000000, 0x0000000747000000, 0x0000000747200000|  0%| F|  |TAMS 0x0000000747000000, 0x0000000747000000| Untracked 
|  19|0x0000000747200000, 0x0000000747200000, 0x0000000747400000|  0%| F|  |TAMS 0x0000000747200000, 0x0000000747200000| Untracked 
|  20|0x0000000747400000, 0x0000000747400000, 0x0000000747600000|  0%| F|  |TAMS 0x0000000747400000, 0x0000000747400000| Untracked 
|  21|0x0000000747600000, 0x0000000747600000, 0x0000000747800000|  0%| F|  |TAMS 0x0000000747600000, 0x0000000747600000| Untracked 
|  22|0x0000000747800000, 0x0000000747800000, 0x0000000747a00000|  0%| F|  |TAMS 0x0000000747800000, 0x0000000747800000| Untracked 
|  23|0x0000000747a00000, 0x0000000747a00000, 0x0000000747c00000|  0%| F|  |TAMS 0x0000000747a00000, 0x0000000747a00000| Untracked 
|  24|0x0000000747c00000, 0x0000000747c00000, 0x0000000747e00000|  0%| F|  |TAMS 0x0000000747c00000, 0x0000000747c00000| Untracked 
|  25|0x0000000747e00000, 0x0000000747e00000, 0x0000000748000000|  0%| F|  |TAMS 0x0000000747e00000, 0x0000000747e00000| Untracked 
|  26|0x0000000748000000, 0x0000000748000000, 0x0000000748200000|  0%| F|  |TAMS 0x0000000748000000, 0x0000000748000000| Untracked 
|  27|0x0000000748200000, 0x0000000748200000, 0x0000000748400000|  0%| F|  |TAMS 0x0000000748200000, 0x0000000748200000| Untracked 
|  28|0x0000000748400000, 0x0000000748400000, 0x0000000748600000|  0%| F|  |TAMS 0x0000000748400000, 0x0000000748400000| Untracked 
|  29|0x0000000748600000, 0x0000000748600000, 0x0000000748800000|  0%| F|  |TAMS 0x0000000748600000, 0x0000000748600000| Untracked 
|  30|0x0000000748800000, 0x0000000748800000, 0x0000000748a00000|  0%| F|  |TAMS 0x0000000748800000, 0x0000000748800000| Untracked 
|  31|0x0000000748a00000, 0x0000000748a00000, 0x0000000748c00000|  0%| F|  |TAMS 0x0000000748a00000, 0x0000000748a00000| Untracked 
|  32|0x0000000748c00000, 0x0000000748c00000, 0x0000000748e00000|  0%| F|  |TAMS 0x0000000748c00000, 0x0000000748c00000| Untracked 
|  33|0x0000000748e00000, 0x0000000748e00000, 0x0000000749000000|  0%| F|  |TAMS 0x0000000748e00000, 0x0000000748e00000| Untracked 
|  34|0x0000000749000000, 0x0000000749000000, 0x0000000749200000|  0%| F|  |TAMS 0x0000000749000000, 0x0000000749000000| Untracked 
|  35|0x0000000749200000, 0x0000000749200000, 0x0000000749400000|  0%| F|  |TAMS 0x0000000749200000, 0x0000000749200000| Untracked 
|  36|0x0000000749400000, 0x0000000749400000, 0x0000000749600000|  0%| F|  |TAMS 0x0000000749400000, 0x0000000749400000| Untracked 
|  37|0x0000000749600000, 0x0000000749600000, 0x0000000749800000|  0%| F|  |TAMS 0x0000000749600000, 0x0000000749600000| Untracked 
|  38|0x0000000749800000, 0x0000000749800000, 0x0000000749a00000|  0%| F|  |TAMS 0x0000000749800000, 0x0000000749800000| Untracked 
|  39|0x0000000749a00000, 0x0000000749a00000, 0x0000000749c00000|  0%| F|  |TAMS 0x0000000749a00000, 0x0000000749a00000| Untracked 
|  40|0x0000000749c00000, 0x0000000749c00000, 0x0000000749e00000|  0%| F|  |TAMS 0x0000000749c00000, 0x0000000749c00000| Untracked 
|  41|0x0000000749e00000, 0x0000000749e00000, 0x000000074a000000|  0%| F|  |TAMS 0x0000000749e00000, 0x0000000749e00000| Untracked 
|  42|0x000000074a000000, 0x000000074a000000, 0x000000074a200000|  0%| F|  |TAMS 0x000000074a000000, 0x000000074a000000| Untracked 
|  43|0x000000074a200000, 0x000000074a200000, 0x000000074a400000|  0%| F|  |TAMS 0x000000074a200000, 0x000000074a200000| Untracked 
|  44|0x000000074a400000, 0x000000074a400000, 0x000000074a600000|  0%| F|  |TAMS 0x000000074a400000, 0x000000074a400000| Untracked 
|  45|0x000000074a600000, 0x000000074a600000, 0x000000074a800000|  0%| F|  |TAMS 0x000000074a600000, 0x000000074a600000| Untracked 
|  46|0x000000074a800000, 0x000000074a800000, 0x000000074aa00000|  0%| F|  |TAMS 0x000000074a800000, 0x000000074a800000| Untracked 
|  47|0x000000074aa00000, 0x000000074aa00000, 0x000000074ac00000|  0%| F|  |TAMS 0x000000074aa00000, 0x000000074aa00000| Untracked 
|  48|0x000000074ac00000, 0x000000074ac00000, 0x000000074ae00000|  0%| F|  |TAMS 0x000000074ac00000, 0x000000074ac00000| Untracked 
|  49|0x000000074ae00000, 0x000000074ae00000, 0x000000074b000000|  0%| F|  |TAMS 0x000000074ae00000, 0x000000074ae00000| Untracked 
|  50|0x000000074b000000, 0x000000074b000000, 0x000000074b200000|  0%| F|  |TAMS 0x000000074b000000, 0x000000074b000000| Untracked 
|  51|0x000000074b200000, 0x000000074b200000, 0x000000074b400000|  0%| F|  |TAMS 0x000000074b200000, 0x000000074b200000| Untracked 
|  52|0x000000074b400000, 0x000000074b400000, 0x000000074b600000|  0%| F|  |TAMS 0x000000074b400000, 0x000000074b400000| Untracked 
|  53|0x000000074b600000, 0x000000074b600000, 0x000000074b800000|  0%| F|  |TAMS 0x000000074b600000, 0x000000074b600000| Untracked 
|  54|0x000000074b800000, 0x000000074b800000, 0x000000074ba00000|  0%| F|  |TAMS 0x000000074b800000, 0x000000074b800000| Untracked 
|  55|0x000000074ba00000, 0x000000074ba00000, 0x000000074bc00000|  0%| F|  |TAMS 0x000000074ba00000, 0x000000074ba00000| Untracked 
|  56|0x000000074bc00000, 0x000000074bc00000, 0x000000074be00000|  0%| F|  |TAMS 0x000000074bc00000, 0x000000074bc00000| Untracked 
|  57|0x000000074be00000, 0x000000074be00000, 0x000000074c000000|  0%| F|  |TAMS 0x000000074be00000, 0x000000074be00000| Untracked 
|  58|0x000000074c000000, 0x000000074c000000, 0x000000074c200000|  0%| F|  |TAMS 0x000000074c000000, 0x000000074c000000| Untracked 
|  59|0x000000074c200000, 0x000000074c200000, 0x000000074c400000|  0%| F|  |TAMS 0x000000074c200000, 0x000000074c200000| Untracked 
|  60|0x000000074c400000, 0x000000074c400000, 0x000000074c600000|  0%| F|  |TAMS 0x000000074c400000, 0x000000074c400000| Untracked 
|  61|0x000000074c600000, 0x000000074c600000, 0x000000074c800000|  0%| F|  |TAMS 0x000000074c600000, 0x000000074c600000| Untracked 
|  62|0x000000074c800000, 0x000000074c800000, 0x000000074ca00000|  0%| F|  |TAMS 0x000000074c800000, 0x000000074c800000| Untracked 
|  63|0x000000074ca00000, 0x000000074ca00000, 0x000000074cc00000|  0%| F|  |TAMS 0x000000074ca00000, 0x000000074ca00000| Untracked 
|  64|0x000000074cc00000, 0x000000074cc00000, 0x000000074ce00000|  0%| F|  |TAMS 0x000000074cc00000, 0x000000074cc00000| Untracked 
|  65|0x000000074ce00000, 0x000000074ce00000, 0x000000074d000000|  0%| F|  |TAMS 0x000000074ce00000, 0x000000074ce00000| Untracked 
|  66|0x000000074d000000, 0x000000074d000000, 0x000000074d200000|  0%| F|  |TAMS 0x000000074d000000, 0x000000074d000000| Untracked 
|  67|0x000000074d200000, 0x000000074d200000, 0x000000074d400000|  0%| F|  |TAMS 0x000000074d200000, 0x000000074d200000| Untracked 
|  68|0x000000074d400000, 0x000000074d400000, 0x000000074d600000|  0%| F|  |TAMS 0x000000074d400000, 0x000000074d400000| Untracked 
|  69|0x000000074d600000, 0x000000074d600000, 0x000000074d800000|  0%| F|  |TAMS 0x000000074d600000, 0x000000074d600000| Untracked 
|  70|0x000000074d800000, 0x000000074d800000, 0x000000074da00000|  0%| F|  |TAMS 0x000000074d800000, 0x000000074d800000| Untracked 
|  71|0x000000074da00000, 0x000000074da00000, 0x000000074dc00000|  0%| F|  |TAMS 0x000000074da00000, 0x000000074da00000| Untracked 
|  72|0x000000074dc00000, 0x000000074dc00000, 0x000000074de00000|  0%| F|  |TAMS 0x000000074dc00000, 0x000000074dc00000| Untracked 
|  73|0x000000074de00000, 0x000000074de00000, 0x000000074e000000|  0%| F|  |TAMS 0x000000074de00000, 0x000000074de00000| Untracked 
|  74|0x000000074e000000, 0x000000074e000000, 0x000000074e200000|  0%| F|  |TAMS 0x000000074e000000, 0x000000074e000000| Untracked 
|  75|0x000000074e200000, 0x000000074e200000, 0x000000074e400000|  0%| F|  |TAMS 0x000000074e200000, 0x000000074e200000| Untracked 
|  76|0x000000074e400000, 0x000000074e400000, 0x000000074e600000|  0%| F|  |TAMS 0x000000074e400000, 0x000000074e400000| Untracked 
|  77|0x000000074e600000, 0x000000074e600000, 0x000000074e800000|  0%| F|  |TAMS 0x000000074e600000, 0x000000074e600000| Untracked 
|  78|0x000000074e800000, 0x000000074e800000, 0x000000074ea00000|  0%| F|  |TAMS 0x000000074e800000, 0x000000074e800000| Untracked 
|  79|0x000000074ea00000, 0x000000074ea00000, 0x000000074ec00000|  0%| F|  |TAMS 0x000000074ea00000, 0x000000074ea00000| Untracked 
|  80|0x000000074ec00000, 0x000000074ec00000, 0x000000074ee00000|  0%| F|  |TAMS 0x000000074ec00000, 0x000000074ec00000| Untracked 
|  81|0x000000074ee00000, 0x000000074ee00000, 0x000000074f000000|  0%| F|  |TAMS 0x000000074ee00000, 0x000000074ee00000| Untracked 
|  82|0x000000074f000000, 0x000000074f000000, 0x000000074f200000|  0%| F|  |TAMS 0x000000074f000000, 0x000000074f000000| Untracked 
|  83|0x000000074f200000, 0x000000074f200000, 0x000000074f400000|  0%| F|  |TAMS 0x000000074f200000, 0x000000074f200000| Untracked 
|  84|0x000000074f400000, 0x000000074f400000, 0x000000074f600000|  0%| F|  |TAMS 0x000000074f400000, 0x000000074f400000| Untracked 
|  85|0x000000074f600000, 0x000000074f600000, 0x000000074f800000|  0%| F|  |TAMS 0x000000074f600000, 0x000000074f600000| Untracked 
|  86|0x000000074f800000, 0x000000074f800000, 0x000000074fa00000|  0%| F|  |TAMS 0x000000074f800000, 0x000000074f800000| Untracked 
|  87|0x000000074fa00000, 0x000000074fa00000, 0x000000074fc00000|  0%| F|  |TAMS 0x000000074fa00000, 0x000000074fa00000| Untracked 
|  88|0x000000074fc00000, 0x000000074fc00000, 0x000000074fe00000|  0%| F|  |TAMS 0x000000074fc00000, 0x000000074fc00000| Untracked 
|  89|0x000000074fe00000, 0x000000074fe00000, 0x0000000750000000|  0%| F|  |TAMS 0x000000074fe00000, 0x000000074fe00000| Untracked 
|  90|0x0000000750000000, 0x0000000750000000, 0x0000000750200000|  0%| F|  |TAMS 0x0000000750000000, 0x0000000750000000| Untracked 
|  91|0x0000000750200000, 0x0000000750200000, 0x0000000750400000|  0%| F|  |TAMS 0x0000000750200000, 0x0000000750200000| Untracked 
|  92|0x0000000750400000, 0x0000000750400000, 0x0000000750600000|  0%| F|  |TAMS 0x0000000750400000, 0x0000000750400000| Untracked 
|  93|0x0000000750600000, 0x00000007506e15a8, 0x0000000750800000| 44%| E|  |TAMS 0x0000000750600000, 0x0000000750600000| Complete 

Card table byte_map: [0x000001d82d760000,0x000001d82dd40000] _byte_map_base: 0x000001d829d3a000

Marking Bits (Prev, Next): (CMBitMap*) 0x000001d816622d40, (CMBitMap*) 0x000001d816622d80
 Prev Bits: [0x000001d82e320000, 0x000001d8311f0000)
 Next Bits: [0x000001d8311f0000, 0x000001d8340c0000)

Polling page: 0x000001d814540000

Metaspace:

Usage:
  Non-class:      3.37 MB used.
      Class:    291.70 KB used.
       Both:      3.66 MB used.

Virtual space:
  Non-class space:        8.00 MB reserved,       3.38 MB ( 42%) committed,  1 nodes.
      Class space:        1.00 GB reserved,     320.00 KB ( <1%) committed,  1 nodes.
             Both:        1.01 GB reserved,       3.69 MB ( <1%) committed. 

Chunk freelists:
   Non-Class:  0 bytes
       Class:  3.62 MB
        Both:  3.62 MB

MaxMetaspaceSize: unlimited
CompressedClassSpaceSize: 1.00 GB
Initial GC threshold: 21.00 MB
Current GC threshold: 21.00 MB
CDS: off
MetaspaceReclaimPolicy: balanced
 - commit_granule_bytes: 65536.
 - commit_granule_words: 8192.
 - virtual_space_node_default_size: 1048576.
 - enlarge_chunks_in_place: 1.
 - new_chunks_are_fully_committed: 0.
 - uncommit_free_chunks: 1.
 - use_allocation_guard: 0.
 - handle_deallocations: 1.


Internal statistics:

num_allocs_failed_limit: 0.
num_arena_births: 2.
num_arena_deaths: 0.
num_vsnodes_births: 2.
num_vsnodes_deaths: 0.
num_space_committed: 59.
num_space_uncommitted: 0.
num_chunks_returned_to_freelist: 0.
num_chunks_taken_from_freelist: 4.
num_chunk_merges: 0.
num_chunk_splits: 1.
num_chunks_enlarged: 0.
num_purges: 0.
num_inconsistent_stats: 0.

CodeHeap 'non-profiled nmethods': size=120000Kb used=3Kb max_used=3Kb free=119996Kb
 bounds [0x000001d825920000, 0x000001d825b90000, 0x000001d82ce50000]
CodeHeap 'profiled nmethods': size=120000Kb used=38Kb max_used=38Kb free=119961Kb
 bounds [0x000001d81de50000, 0x000001d81e0c0000, 0x000001d825380000]
CodeHeap 'non-nmethods': size=5760Kb used=1049Kb max_used=1062Kb free=4710Kb
 bounds [0x000001d825380000, 0x000001d8255f0000, 0x000001d825920000]
 total_blobs=324 nmethods=32 adapters=205
 compilation: enabled
              stopped_count=0, restarted_count=0
 full_count=0

Compilation events (20 events):
Event: 0.064 Thread 0x000001d837449f10   23       3       java.lang.String::length (11 bytes)
Event: 0.064 Thread 0x000001d837449f10 nmethod 23 0x000001d81de57390 code [0x000001d81de57520, 0x000001d81de576b8]
Event: 0.064 Thread 0x000001d837449f10   24       1       java.lang.module.ModuleDescriptor::name (5 bytes)
Event: 0.064 Thread 0x000001d837449f10 nmethod 24 0x000001d825920410 code [0x000001d8259205a0, 0x000001d825920678]
Event: 0.064 Thread 0x000001d837449f10   25       1       java.lang.module.ModuleReference::descriptor (5 bytes)
Event: 0.064 Thread 0x000001d837449f10 nmethod 25 0x000001d825920710 code [0x000001d8259208a0, 0x000001d825920978]
Event: 0.064 Thread 0x000001d837449f10   26       3       java.net.URI::hash (33 bytes)
Event: 0.064 Thread 0x000001d837449f10 nmethod 26 0x000001d81de57790 code [0x000001d81de57980, 0x000001d81de57e18]
Event: 0.064 Thread 0x000001d837449f10   27       3       java.lang.StringLatin1::indexOfChar (33 bytes)
Event: 0.065 Thread 0x000001d837449f10 nmethod 27 0x000001d81de58010 code [0x000001d81de581c0, 0x000001d81de583f8]
Event: 0.066 Thread 0x000001d837449f10   28       3       java.lang.String::isEmpty (14 bytes)
Event: 0.066 Thread 0x000001d837449f10 nmethod 28 0x000001d81de58510 code [0x000001d81de586a0, 0x000001d81de58818]
Event: 0.068 Thread 0x000001d837449f10   30       3       java.util.concurrent.ConcurrentHashMap::tabAt (22 bytes)
Event: 0.068 Thread 0x000001d83742f910   29       4       java.lang.Object::<init> (1 bytes)
Event: 0.068 Thread 0x000001d837449f10 nmethod 30 0x000001d81de58910 code [0x000001d81de58ac0, 0x000001d81de58db8]
Event: 0.068 Thread 0x000001d837449f10   32       3       java.util.ImmutableCollections$SetN$SetNIterator::next (90 bytes)
Event: 0.068 Thread 0x000001d837449f10 nmethod 32 0x000001d81de58e90 code [0x000001d81de59040, 0x000001d81de59368]
Event: 0.068 Thread 0x000001d837449f10   31       3       jdk.internal.misc.Unsafe::getReferenceAcquire (7 bytes)
Event: 0.068 Thread 0x000001d83742f910 nmethod 29 0x000001d825920a10 code [0x000001d825920b80, 0x000001d825920bf8]
Event: 0.068 Thread 0x000001d837449f10 nmethod 31 0x000001d81de59510 code [0x000001d81de596a0, 0x000001d81de59818]

GC Heap History (0 events):
No events

Deoptimization events (0 events):
No events

Classes unloaded (0 events):
No events

Classes redefined (0 events):
No events

Internal exceptions (0 events):
No events

VM Operations (0 events):
No events

Events (20 events):
Event: 0.069 loading class java/util/Spliterators$EmptySpliterator$OfDouble
Event: 0.069 loading class java/util/Spliterator$OfDouble
Event: 0.069 loading class java/util/Spliterator$OfDouble done
Event: 0.069 loading class java/util/Spliterators$EmptySpliterator$OfDouble done
Event: 0.069 loading class java/util/Spliterators$IteratorSpliterator
Event: 0.069 loading class java/util/Spliterators$IteratorSpliterator done
Event: 0.069 loading class java/util/stream/StreamSupport
Event: 0.069 loading class java/util/stream/StreamSupport done
Event: 0.069 loading class java/util/stream/ReferencePipeline$Head
Event: 0.069 loading class java/util/stream/ReferencePipeline
Event: 0.069 loading class java/util/stream/Stream
Event: 0.069 loading class java/util/stream/BaseStream
Event: 0.069 loading class java/util/stream/BaseStream done
Event: 0.069 loading class java/util/stream/Stream done
Event: 0.069 loading class java/util/stream/AbstractPipeline
Event: 0.069 loading class java/util/stream/PipelineHelper
Event: 0.070 loading class java/util/stream/PipelineHelper done
Event: 0.070 loading class java/util/stream/AbstractPipeline done
Event: 0.070 loading class java/util/stream/ReferencePipeline done
Event: 0.070 loading class java/util/stream/ReferencePipeline$Head done


Dynamic libraries:
0x00007ff6dbec0000 - 0x00007ff6dbed0000 	C:\Program Files\Java\jdk-17\bin\java.exe
0x00007ffc702b0000 - 0x00007ffc704c4000 	C:\WINDOWS\SYSTEM32\ntdll.dll
0x00007ffc6f570000 - 0x00007ffc6f632000 	C:\WINDOWS\System32\KERNEL32.DLL
0x00007ffc6db40000 - 0x00007ffc6dee3000 	C:\WINDOWS\System32\KERNELBASE.dll
0x00007ffc6d6b0000 - 0x00007ffc6d7c1000 	C:\WINDOWS\System32\ucrtbase.dll
0x00007ffc6a3e0000 - 0x00007ffc6a3fb000 	C:\Program Files\Java\jdk-17\bin\VCRUNTIME140.dll
0x00007ffc66980000 - 0x00007ffc66998000 	C:\Program Files\Java\jdk-17\bin\jli.dll
0x00007ffc6f300000 - 0x00007ffc6f3ae000 	C:\WINDOWS\System32\ADVAPI32.dll
0x00007ffc701c0000 - 0x00007ffc70267000 	C:\WINDOWS\System32\msvcrt.dll
0x00007ffc6f250000 - 0x00007ffc6f2f4000 	C:\WINDOWS\System32\sechost.dll
0x00007ffc6f120000 - 0x00007ffc6f237000 	C:\WINDOWS\System32\RPCRT4.dll
0x00007ffc6ffb0000 - 0x00007ffc7015b000 	C:\WINDOWS\System32\USER32.dll
0x00007ffc6da70000 - 0x00007ffc6da96000 	C:\WINDOWS\System32\win32u.dll
0x00007ffc4cf20000 - 0x00007ffc4d1ae000 	C:\WINDOWS\WinSxS\amd64_microsoft.windows.common-controls_6595b64144ccf1df_6.0.22621.1635_none_270f70857386168e\COMCTL32.dll
0x00007ffc6e290000 - 0x00007ffc6e2b9000 	C:\WINDOWS\System32\GDI32.dll
0x00007ffc6df70000 - 0x00007ffc6e089000 	C:\WINDOWS\System32\gdi32full.dll
0x00007ffc6daa0000 - 0x00007ffc6db3a000 	C:\WINDOWS\System32\msvcp_win.dll
0x00007ffc5f2a0000 - 0x00007ffc5f2aa000 	C:\WINDOWS\SYSTEM32\VERSION.dll
0x00007ffc6ed50000 - 0x00007ffc6ed81000 	C:\WINDOWS\System32\IMM32.DLL
0x00007ffc6a3d0000 - 0x00007ffc6a3dc000 	C:\Program Files\Java\jdk-17\bin\vcruntime140_1.dll
0x00007ffc39f10000 - 0x00007ffc39f9e000 	C:\Program Files\Java\jdk-17\bin\msvcp140.dll
0x00007ffbf67c0000 - 0x00007ffbf7397000 	C:\Program Files\Java\jdk-17\bin\server\jvm.dll
0x00007ffc6e150000 - 0x00007ffc6e158000 	C:\WINDOWS\System32\PSAPI.DLL
0x00007ffc65a80000 - 0x00007ffc65ab4000 	C:\WINDOWS\SYSTEM32\WINMM.dll
0x00007ffc6a400000 - 0x00007ffc6a409000 	C:\WINDOWS\SYSTEM32\WSOCK32.dll
0x00007ffc6ebf0000 - 0x00007ffc6ec61000 	C:\WINDOWS\System32\WS2_32.dll
0x00007ffc6c770000 - 0x00007ffc6c788000 	C:\WINDOWS\SYSTEM32\kernel.appcore.dll
0x00007ffc6a350000 - 0x00007ffc6a35a000 	C:\Program Files\Java\jdk-17\bin\jimage.dll
0x00007ffc6af40000 - 0x00007ffc6b16e000 	C:\WINDOWS\SYSTEM32\DBGHELP.DLL
0x00007ffc6ed90000 - 0x00007ffc6f119000 	C:\WINDOWS\System32\combase.dll
0x00007ffc6ec70000 - 0x00007ffc6ed47000 	C:\WINDOWS\System32\OLEAUT32.dll
0x00007ffc487f0000 - 0x00007ffc48822000 	C:\WINDOWS\SYSTEM32\dbgcore.DLL
0x00007ffc6def0000 - 0x00007ffc6df6b000 	C:\WINDOWS\System32\bcryptPrimitives.dll
0x00007ffc6a360000 - 0x00007ffc6a385000 	C:\Program Files\Java\jdk-17\bin\java.dll
0x00007ffc4cc60000 - 0x00007ffc4cd37000 	C:\Program Files\Java\jdk-17\bin\jsvml.dll
0x00007ffc6f6b0000 - 0x00007ffc6feaa000 	C:\WINDOWS\System32\SHELL32.dll
0x00007ffc6b6b0000 - 0x00007ffc6bf7e000 	C:\WINDOWS\SYSTEM32\windows.storage.dll
0x00007ffc6b570000 - 0x00007ffc6b6ae000 	C:\WINDOWS\SYSTEM32\wintypes.dll
0x00007ffc6e410000 - 0x00007ffc6e501000 	C:\WINDOWS\System32\SHCORE.dll
0x00007ffc70160000 - 0x00007ffc701be000 	C:\WINDOWS\System32\shlwapi.dll
0x00007ffc6d5e0000 - 0x00007ffc6d601000 	C:\WINDOWS\SYSTEM32\profapi.dll

dbghelp: loaded successfully - version: 4.0.5 - missing functions: none
symbol engine: initialized successfully - sym options: 0x614 - pdb path: .;C:\Program Files\Java\jdk-17\bin;C:\WINDOWS\SYSTEM32;C:\WINDOWS\WinSxS\amd64_microsoft.windows.common-controls_6595b64144ccf1df_6.0.22621.1635_none_270f70857386168e;C:\Program Files\Java\jdk-17\bin\server

VM Arguments:
jvm_args: -Dfile.encoding=UTF-8 --module-path=C:\Users\USER\OneDrive\Desktop\abir_sir_bank_project\bankManegment\build\classes 
java_command: bankmanegment.LoginInFo
java_class_path (initial): G:\mysql-connector-java-8.0.28.jar;C:\Users\USER\OneDrive\Desktop\abir_sir_bank_project\bankManegment\build\classes
Launcher Type: SUN_STANDARD

[Global flags]
     intx CICompilerCount                          = 4                                         {product} {ergonomic}
     uint ConcGCThreads                            = 2                                         {product} {ergonomic}
     uint G1ConcRefinementThreads                  = 8                                         {product} {ergonomic}
   size_t G1HeapRegionSize                         = 2097152                                   {product} {ergonomic}
    uintx GCDrainStackTargetSize                   = 64                                        {product} {ergonomic}
   size_t InitialHeapSize                          = 197132288                                 {product} {ergonomic}
   size_t MarkStackSize                            = 4194304                                   {product} {ergonomic}
   size_t MaxHeapSize                              = 3141533696                                {product} {ergonomic}
   size_t MaxNewSize                               = 1883242496                                {product} {ergonomic}
   size_t MinHeapDeltaBytes                        = 2097152                                   {product} {ergonomic}
   size_t MinHeapSize                              = 8388608                                   {product} {ergonomic}
    uintx NonNMethodCodeHeapSize                   = 5839372                                {pd product} {ergonomic}
    uintx NonProfiledCodeHeapSize                  = 122909434                              {pd product} {ergonomic}
    uintx ProfiledCodeHeapSize                     = 122909434                              {pd product} {ergonomic}
    uintx ReservedCodeCacheSize                    = 251658240                              {pd product} {ergonomic}
     bool SegmentedCodeCache                       = true                                      {product} {ergonomic}
   size_t SoftMaxHeapSize                          = 3141533696                             {manageable} {ergonomic}
     bool UseCompressedClassPointers               = true                           {product lp64_product} {ergonomic}
     bool UseCompressedOops                        = true                           {product lp64_product} {ergonomic}
     bool UseG1GC                                  = true                                      {product} {ergonomic}
     bool UseLargePagesIndividualAllocation        = false                                  {pd product} {ergonomic}

Logging:
Log output configuration:
 #0: stdout all=warning uptime,level,tags
 #1: stderr all=off uptime,level,tags

Environment Variables:
JAVA_HOME=C:\Program Files\Java\jdk-17
PATH=C:\Program Files\Java\jdk-17\bin;C:\WINDOWS\system32;C:\WINDOWS;C:\WINDOWS\System32\Wbem;C:\WINDOWS\System32\WindowsPowerShell\v1.0\;C:\WINDOWS\System32\OpenSSH\;C:\Program Files\nodejs\;C:\MinGW\bin;C:\Program Files\Git\cmd;C:\Program Files\MySQL\MySQL Server 8.0\bin;C:\Users\USER\AppData\Local\Microsoft\WindowsApps;C:\Users\USER\AppData\Roaming\npm;C:\Program Files\CodeBlocks\MinGW\bin;C:\Users\USER\AppData\Local\Programs\Microsoft VS Code\bin;;C:\Program Files\JetBrains\IntelliJ IDEA Community Edition 2022.3.3\bin;
USERNAME=USER
OS=Windows_NT
PROCESSOR_IDENTIFIER=Intel64 Family 6 Model 140 Stepping 1, GenuineIntel



---------------  S Y S T E M  ---------------

OS:
 Windows 11 , 64 bit Build 22621 (10.0.22621.1778)
OS uptime: 0 days 6:45 hours

CPU: total 8 (initial active 8) (4 cores per cpu, 2 threads per core) family 6 model 140 stepping 1 microcode 0x86, cx8, cmov, fxsr, ht, mmx, 3dnowpref, sse, sse2, sse3, ssse3, sse4.1, sse4.2, popcnt, lzcnt, tsc, tscinvbit, avx, avx2, aes, erms, clmul, bmi1, bmi2, adx, avx512f, avx512dq, avx512cd, avx512bw, avx512vl, sha, fma, vzeroupper, avx512_vpopcntdq, avx512_vpclmulqdq, avx512_vaes, avx512_vnni, clflush, clflushopt, clwb, avx512_vbmi2, avx512_vbmi

Memory: 4k page, system-wide physical 11982M (1860M free)
TotalPageFile size 42393M (AvailPageFile size 1M)
current process WorkingSet (physical memory assigned to process): 26M, peak: 26M
current process commit charge ("private bytes"): 263M, peak: 268M

vm_info: Java HotSpot(TM) 64-Bit Server VM (17.0.6+9-LTS-190) for windows-amd64 JRE (17.0.6+9-LTS-190), built on Dec  6 2022 15:53:54 by "mach5one" with MS VC++ 17.1 (VS2022)

END.
