#
# There is insufficient memory for the Java Runtime Environment to continue.
# Native memory allocation (malloc) failed to allocate 32744 bytes for ChunkPool::allocate
# Possible reasons:
#   The system is out of physical RAM or swap space
#   The process is running with CompressedOops enabled, and the Java Heap may be blocking the growth of the native heap
# Possible solutions:
#   Reduce memory load on the system
#   Increase physical memory or swap space
#   Check if swap backing store is full
#   Decrease Java heap size (-Xmx/-Xms)
#   Decrease number of Java threads
#   Decrease Java thread stack sizes (-Xss)
#   Set larger code cache with -XX:ReservedCodeCacheSize=
#   JVM is running with Zero Based Compressed Oops mode in which the Java heap is
#     placed in the first 32GB address space. The Java Heap base address is the
#     maximum limit for the native heap growth. Please use -XX:HeapBaseMinAddress
#     to set the Java Heap base and to place the Java Heap above 32GB virtual address.
# This output file may be truncated or incomplete.
#
#  Out of Memory Error (arena.cpp:78), pid=27080, tid=13672
#
# JRE version: Java(TM) SE Runtime Environment (17.0.6+9) (build 17.0.6+9-LTS-190)
# Java VM: Java HotSpot(TM) 64-Bit Server VM (17.0.6+9-LTS-190, mixed mode, sharing, tiered, compressed oops, compressed class ptrs, g1 gc, windows-amd64)
# No core dump will be written. Minidumps are not enabled by default on client versions of Windows
#

---------------  S U M M A R Y ------------

Command Line: -Dfile.encoding=UTF-8 --module-path=C:\Users\USER\OneDrive\Desktop\abir_sir_bank_project\bankManegment\build\classes bankmanegment.SignUpOne

Host: 11th Gen Intel(R) Core(TM) i5-1135G7 @ 2.40GHz, 8 cores, 11G,  Windows 11 , 64 bit Build 22621 (10.0.22621.1778)
Time: Tue Jun 27 05:01:13 2023 Eastern Daylight Time elapsed time: 0.794295 seconds (0d 0h 0m 0s)

---------------  T H R E A D  ---------------

Current thread (0x00000150756423c0):  JavaThread "C2 CompilerThread0" daemon [_thread_in_native, id=13672, stack(0x0000001f38100000,0x0000001f38200000)]


Current CompileTask:
C2:    794 1225   !   4       sun.font.TrueTypeFont::getTableBuffer (215 bytes)

Stack: [0x0000001f38100000,0x0000001f38200000]
Native frames: (J=compiled Java code, j=interpreted, Vv=VM code, C=native code)
V  [jvm.dll+0x6734ea]
V  [jvm.dll+0x7d18f4]
V  [jvm.dll+0x7d309e]
V  [jvm.dll+0x7d3703]
V  [jvm.dll+0x2433c5]
V  [jvm.dll+0xaa6c0]
V  [jvm.dll+0xaaa0c]
V  [jvm.dll+0x650615]
V  [jvm.dll+0x650374]
V  [jvm.dll+0x1ad5ad]
V  [jvm.dll+0x2cc77a]
V  [jvm.dll+0x2cd477]
V  [jvm.dll+0x639ff7]
V  [jvm.dll+0x10fdfc]
V  [jvm.dll+0x33948a]
V  [jvm.dll+0x68711a]
V  [jvm.dll+0x68993f]
V  [jvm.dll+0x683a76]
V  [jvm.dll+0x6830c0]
V  [jvm.dll+0x680fca]
V  [jvm.dll+0x1a494c]
V  [jvm.dll+0x1a54db]
V  [jvm.dll+0x2a7d4c]
V  [jvm.dll+0x68baa3]
V  [jvm.dll+0x683a76]
V  [jvm.dll+0x6830c0]
V  [jvm.dll+0x680fca]
V  [jvm.dll+0x1a494c]
V  [jvm.dll+0x2a7d4c]
V  [jvm.dll+0x68baa3]
V  [jvm.dll+0x683a76]
V  [jvm.dll+0x6830c0]
V  [jvm.dll+0x680fca]
V  [jvm.dll+0x1a494c]
V  [jvm.dll+0x2a7d4c]
V  [jvm.dll+0x68baa3]
V  [jvm.dll+0x683a76]
V  [jvm.dll+0x6830c0]
V  [jvm.dll+0x680fca]
V  [jvm.dll+0x1a494c]
V  [jvm.dll+0x2a7d4c]
V  [jvm.dll+0x68baa3]
V  [jvm.dll+0x683a76]
V  [jvm.dll+0x6830c0]
V  [jvm.dll+0x680fca]
V  [jvm.dll+0x1a494c]
V  [jvm.dll+0x1a54db]
V  [jvm.dll+0x2a7d4c]
V  [jvm.dll+0x68baa3]
V  [jvm.dll+0x683a76]
V  [jvm.dll+0x6830c0]
V  [jvm.dll+0x680fca]
V  [jvm.dll+0x1a494c]
V  [jvm.dll+0x214dc8]
V  [jvm.dll+0x1a1730]
V  [jvm.dll+0x224b6e]
V  [jvm.dll+0x222f15]
V  [jvm.dll+0x78753c]
V  [jvm.dll+0x781a7a]
V  [jvm.dll+0x672375]
C  [ucrtbase.dll+0x29363]
C  [KERNEL32.DLL+0x126ad]
C  [ntdll.dll+0x5a9f8]


---------------  P R O C E S S  ---------------

Threads class SMR info:
_java_thread_list=0x00000150774219f0, length=19, elements={
0x0000015075621eb0, 0x0000015075622a60, 0x0000015075633fd0, 0x0000015075634b80,
0x0000015075635630, 0x0000015075635fe0, 0x00000150756423c0, 0x0000015075647e60,
0x0000015076039c60, 0x00000150532176a0, 0x00000150761b4ff0, 0x0000015076222fe0,
0x0000015076223680, 0x0000015076345fc0, 0x00000150763a23e0, 0x00000150763c8630,
0x00000150763f75d0, 0x00000150763f7aa0, 0x00000150763f58f0
}

Java Threads: ( => current thread )
  0x0000015075621eb0 JavaThread "Reference Handler" daemon [_thread_blocked, id=26212, stack(0x0000001f37b00000,0x0000001f37c00000)]
  0x0000015075622a60 JavaThread "Finalizer" daemon [_thread_blocked, id=36672, stack(0x0000001f37c00000,0x0000001f37d00000)]
  0x0000015075633fd0 JavaThread "Signal Dispatcher" daemon [_thread_blocked, id=28536, stack(0x0000001f37d00000,0x0000001f37e00000)]
  0x0000015075634b80 JavaThread "Attach Listener" daemon [_thread_blocked, id=1692, stack(0x0000001f37e00000,0x0000001f37f00000)]
  0x0000015075635630 JavaThread "Service Thread" daemon [_thread_blocked, id=34544, stack(0x0000001f37f00000,0x0000001f38000000)]
  0x0000015075635fe0 JavaThread "Monitor Deflation Thread" daemon [_thread_blocked, id=35728, stack(0x0000001f38000000,0x0000001f38100000)]
=>0x00000150756423c0 JavaThread "C2 CompilerThread0" daemon [_thread_in_native, id=13672, stack(0x0000001f38100000,0x0000001f38200000)]
  0x0000015075647e60 JavaThread "C1 CompilerThread0" daemon [_thread_blocked, id=24752, stack(0x0000001f38200000,0x0000001f38300000)]
  0x0000015076039c60 JavaThread "Sweeper thread" daemon [_thread_blocked, id=32180, stack(0x0000001f38300000,0x0000001f38400000)]
  0x00000150532176a0 JavaThread "Common-Cleaner" daemon [_thread_blocked, id=36872, stack(0x0000001f38400000,0x0000001f38500000)]
  0x00000150761b4ff0 JavaThread "Notification Thread" daemon [_thread_blocked, id=21680, stack(0x0000001f38600000,0x0000001f38700000)]
  0x0000015076222fe0 JavaThread "Java2D Disposer" daemon [_thread_blocked, id=34272, stack(0x0000001f38800000,0x0000001f38900000)]
  0x0000015076223680 JavaThread "AWT-Shutdown" [_thread_blocked, id=34472, stack(0x0000001f38900000,0x0000001f38a00000)]
  0x0000015076345fc0 JavaThread "AWT-Windows" daemon [_thread_in_native, id=34636, stack(0x0000001f38a00000,0x0000001f38b00000)]
  0x00000150763a23e0 JavaThread "EventQueueMonitor-ComponentEvtDispatch" daemon [_thread_blocked, id=17348, stack(0x0000001f38b00000,0x0000001f38c00000)]
  0x00000150763c8630 JavaThread "Thread-1" daemon [_thread_in_native, id=32456, stack(0x0000001f38c00000,0x0000001f38d00000)]
  0x00000150763f75d0 JavaThread "Image Fetcher 0" daemon [_thread_blocked, id=35748, stack(0x0000001f38d00000,0x0000001f38e00000)]
  0x00000150763f7aa0 JavaThread "AWT-EventQueue-0" [_thread_in_vm, id=20476, stack(0x0000001f38500000,0x0000001f38600000)]
  0x00000150763f58f0 JavaThread "DestroyJavaVM" [_thread_blocked, id=35500, stack(0x0000001f37400000,0x0000001f37500000)]

Other Threads:
  0x000001507561d010 VMThread "VM Thread" [stack: 0x0000001f37a00000,0x0000001f37b00000] [id=34368]
  0x00000150531b4d90 WatcherThread [stack: 0x0000001f38700000,0x0000001f38800000] [id=38656]
  0x00000150531a0920 GCTaskThread "GC Thread#0" [stack: 0x0000001f37500000,0x0000001f37600000] [id=34660]
  0x00000150772a1070 GCTaskThread "GC Thread#1" [stack: 0x0000001f38e00000,0x0000001f38f00000] [id=4148]
  0x00000150772a1320 GCTaskThread "GC Thread#2" [stack: 0x0000001f38f00000,0x0000001f39000000] [id=35152]
  0x00000150772a15d0 GCTaskThread "GC Thread#3" [stack: 0x0000001f39000000,0x0000001f39100000] [id=2432]
  0x00000150773496a0 GCTaskThread "GC Thread#4" [stack: 0x0000001f39100000,0x0000001f39200000] [id=37508]
  0x000001507734d960 GCTaskThread "GC Thread#5" [stack: 0x0000001f39200000,0x0000001f39300000] [id=12192]
  0x000001507734dc10 GCTaskThread "GC Thread#6" [stack: 0x0000001f39300000,0x0000001f39400000] [id=32020]
  0x000001507734dec0 GCTaskThread "GC Thread#7" [stack: 0x0000001f39400000,0x0000001f39500000] [id=27868]
  0x00000150531ad3a0 ConcurrentGCThread "G1 Main Marker" [stack: 0x0000001f37600000,0x0000001f37700000] [id=37372]
  0x00000150531addb0 ConcurrentGCThread "G1 Conc#0" [stack: 0x0000001f37700000,0x0000001f37800000] [id=34452]
  0x0000015053205cc0 ConcurrentGCThread "G1 Refine#0" [stack: 0x0000001f37800000,0x0000001f37900000] [id=37040]
  0x00000150754b1aa0 ConcurrentGCThread "G1 Service" [stack: 0x0000001f37900000,0x0000001f37a00000] [id=37996]

Threads with active compile tasks:
C2 CompilerThread0      835 1225   !   4       sun.font.TrueTypeFont::getTableBuffer (215 bytes)

VM state: not at safepoint (normal execution)

VM Mutex/Monitor currently owned by a thread:  ([mutex/lock_event])
[0x0000015053142ba0] Metaspace_lock - owner thread: 0x00000150763f7aa0

Heap address: 0x0000000744c00000, size: 2996 MB, Compressed Oops mode: Zero based, Oop shift amount: 3

CDS archive(s) mapped at: [0x0000000800000000-0x0000000800bd0000-0x0000000800bd0000), size 12386304, SharedBaseAddress: 0x0000000800000000, ArchiveRelocationMode: 0.
Compressed class space mapped at: 0x0000000800c00000-0x0000000840c00000, reserved size: 1073741824
Narrow klass base: 0x0000000800000000, Narrow klass shift: 0, Narrow klass range: 0x100000000

GC Precious Log:
 CPUs: 8 total, 8 available
 Memory: 11982M
 Large Page Support: Disabled
 NUMA Support: Disabled
 Compressed Oops: Enabled (Zero based)
 Heap Region Size: 2M
 Heap Min Capacity: 8M
 Heap Initial Capacity: 188M
 Heap Max Capacity: 2996M
 Pre-touch: Disabled
 Parallel Workers: 8
 Concurrent Workers: 2
 Concurrent Refinement Workers: 8
 Periodic GC: Disabled

Heap:
 garbage-first heap   total 192512K, used 35136K [0x0000000744c00000, 0x0000000800000000)
  region size 2048K, 9 young (18432K), 2 survivors (4096K)
 Metaspace       used 9464K, committed 9664K, reserved 1064960K
  class space    used 1111K, committed 1216K, reserved 1048576K

Heap Regions: E=young(eden), S=young(survivor), O=old, HS=humongous(starts), HC=humongous(continues), CS=collection set, F=free, OA=open archive, CA=closed archive, TAMS=top-at-mark-start (previous, next)
|   0|0x0000000744c00000, 0x0000000744e00000, 0x0000000744e00000|100%|HS|  |TAMS 0x0000000744c00000, 0x0000000744c00000| Complete 
|   1|0x0000000744e00000, 0x0000000745000000, 0x0000000745000000|100%|HC|  |TAMS 0x0000000744e00000, 0x0000000744e00000| Complete 
|   2|0x0000000745000000, 0x0000000745200000, 0x0000000745200000|100%|HC|  |TAMS 0x0000000745000000, 0x0000000745000000| Complete 
|   3|0x0000000745200000, 0x0000000745400000, 0x0000000745400000|100%|HC|  |TAMS 0x0000000745200000, 0x0000000745200000| Complete 
|   4|0x0000000745400000, 0x0000000745600000, 0x0000000745600000|100%|HC|  |TAMS 0x0000000745400000, 0x0000000745400000| Complete 
|   5|0x0000000745600000, 0x0000000745800000, 0x0000000745800000|100%|HC|  |TAMS 0x0000000745600000, 0x0000000745600000| Complete 
|   6|0x0000000745800000, 0x0000000745a00000, 0x0000000745a00000|100%|HC|  |TAMS 0x0000000745800000, 0x0000000745800000| Complete 
|   7|0x0000000745a00000, 0x0000000745c00000, 0x0000000745c00000|100%|HC|  |TAMS 0x0000000745a00000, 0x0000000745a00000| Complete 
|   8|0x0000000745c00000, 0x0000000745e00000, 0x0000000745e00000|100%|HS|  |TAMS 0x0000000745c00000, 0x0000000745c00000| Complete 
|   9|0x0000000745e00000, 0x0000000746000000, 0x0000000746000000|100%|HC|  |TAMS 0x0000000745e00000, 0x0000000745e00000| Complete 
|  10|0x0000000746000000, 0x0000000746000000, 0x0000000746200000|  0%| F|  |TAMS 0x0000000746000000, 0x0000000746000000| Untracked 
|  11|0x0000000746200000, 0x0000000746200000, 0x0000000746400000|  0%| F|  |TAMS 0x0000000746200000, 0x0000000746200000| Untracked 
|  12|0x0000000746400000, 0x0000000746400000, 0x0000000746600000|  0%| F|  |TAMS 0x0000000746400000, 0x0000000746400000| Untracked 
|  13|0x0000000746600000, 0x0000000746600000, 0x0000000746800000|  0%| F|  |TAMS 0x0000000746600000, 0x0000000746600000| Untracked 
|  14|0x0000000746800000, 0x0000000746800000, 0x0000000746a00000|  0%| F|  |TAMS 0x0000000746800000, 0x0000000746800000| Untracked 
|  15|0x0000000746a00000, 0x0000000746a00000, 0x0000000746c00000|  0%| F|  |TAMS 0x0000000746a00000, 0x0000000746a00000| Untracked 
|  16|0x0000000746c00000, 0x0000000746c00000, 0x0000000746e00000|  0%| F|  |TAMS 0x0000000746c00000, 0x0000000746c00000| Untracked 
|  17|0x0000000746e00000, 0x0000000746e00000, 0x0000000747000000|  0%| F|  |TAMS 0x0000000746e00000, 0x0000000746e00000| Untracked 
|  18|0x0000000747000000, 0x0000000747000000, 0x0000000747200000|  0%| F|  |TAMS 0x0000000747000000, 0x0000000747000000| Untracked 
|  19|0x0000000747200000, 0x0000000747200000, 0x0000000747400000|  0%| F|  |TAMS 0x0000000747200000, 0x0000000747200000| Untracked 
|  20|0x0000000747400000, 0x0000000747400000, 0x0000000747600000|  0%| F|  |TAMS 0x0000000747400000, 0x0000000747400000| Untracked 
|  21|0x0000000747600000, 0x0000000747600000, 0x0000000747800000|  0%| F|  |TAMS 0x0000000747600000, 0x0000000747600000| Untracked 
|  22|0x0000000747800000, 0x0000000747800000, 0x0000000747a00000|  0%| F|  |TAMS 0x0000000747800000, 0x0000000747800000| Untracked 
|  23|0x0000000747a00000, 0x0000000747a00000, 0x0000000747c00000|  0%| F|  |TAMS 0x0000000747a00000, 0x0000000747a00000| Untracked 
|  24|0x0000000747c00000, 0x0000000747c00000, 0x0000000747e00000|  0%| F|  |TAMS 0x0000000747c00000, 0x0000000747c00000| Untracked 
|  25|0x0000000747e00000, 0x0000000747e00000, 0x0000000748000000|  0%| F|  |TAMS 0x0000000747e00000, 0x0000000747e00000| Untracked 
|  26|0x0000000748000000, 0x0000000748000000, 0x0000000748200000|  0%| F|  |TAMS 0x0000000748000000, 0x0000000748000000| Untracked 
|  27|0x0000000748200000, 0x0000000748200000, 0x0000000748400000|  0%| F|  |TAMS 0x0000000748200000, 0x0000000748200000| Untracked 
|  28|0x0000000748400000, 0x0000000748400000, 0x0000000748600000|  0%| F|  |TAMS 0x0000000748400000, 0x0000000748400000| Untracked 
|  29|0x0000000748600000, 0x0000000748600000, 0x0000000748800000|  0%| F|  |TAMS 0x0000000748600000, 0x0000000748600000| Untracked 
|  30|0x0000000748800000, 0x0000000748800000, 0x0000000748a00000|  0%| F|  |TAMS 0x0000000748800000, 0x0000000748800000| Untracked 
|  31|0x0000000748a00000, 0x0000000748a00000, 0x0000000748c00000|  0%| F|  |TAMS 0x0000000748a00000, 0x0000000748a00000| Untracked 
|  32|0x0000000748c00000, 0x0000000748c00000, 0x0000000748e00000|  0%| F|  |TAMS 0x0000000748c00000, 0x0000000748c00000| Untracked 
|  33|0x0000000748e00000, 0x0000000748e00000, 0x0000000749000000|  0%| F|  |TAMS 0x0000000748e00000, 0x0000000748e00000| Untracked 
|  34|0x0000000749000000, 0x0000000749000000, 0x0000000749200000|  0%| F|  |TAMS 0x0000000749000000, 0x0000000749000000| Untracked 
|  35|0x0000000749200000, 0x0000000749200000, 0x0000000749400000|  0%| F|  |TAMS 0x0000000749200000, 0x0000000749200000| Untracked 
|  36|0x0000000749400000, 0x0000000749400000, 0x0000000749600000|  0%| F|  |TAMS 0x0000000749400000, 0x0000000749400000| Untracked 
|  37|0x0000000749600000, 0x0000000749600000, 0x0000000749800000|  0%| F|  |TAMS 0x0000000749600000, 0x0000000749600000| Untracked 
|  38|0x0000000749800000, 0x0000000749800000, 0x0000000749a00000|  0%| F|  |TAMS 0x0000000749800000, 0x0000000749800000| Untracked 
|  39|0x0000000749a00000, 0x0000000749a00000, 0x0000000749c00000|  0%| F|  |TAMS 0x0000000749a00000, 0x0000000749a00000| Untracked 
|  40|0x0000000749c00000, 0x0000000749c00000, 0x0000000749e00000|  0%| F|  |TAMS 0x0000000749c00000, 0x0000000749c00000| Untracked 
|  41|0x0000000749e00000, 0x0000000749e00000, 0x000000074a000000|  0%| F|  |TAMS 0x0000000749e00000, 0x0000000749e00000| Untracked 
|  42|0x000000074a000000, 0x000000074a000000, 0x000000074a200000|  0%| F|  |TAMS 0x000000074a000000, 0x000000074a000000| Untracked 
|  43|0x000000074a200000, 0x000000074a200000, 0x000000074a400000|  0%| F|  |TAMS 0x000000074a200000, 0x000000074a200000| Untracked 
|  44|0x000000074a400000, 0x000000074a400000, 0x000000074a600000|  0%| F|  |TAMS 0x000000074a400000, 0x000000074a400000| Untracked 
|  45|0x000000074a600000, 0x000000074a600000, 0x000000074a800000|  0%| F|  |TAMS 0x000000074a600000, 0x000000074a600000| Untracked 
|  46|0x000000074a800000, 0x000000074a800000, 0x000000074aa00000|  0%| F|  |TAMS 0x000000074a800000, 0x000000074a800000| Untracked 
|  47|0x000000074aa00000, 0x000000074aa00000, 0x000000074ac00000|  0%| F|  |TAMS 0x000000074aa00000, 0x000000074aa00000| Untracked 
|  48|0x000000074ac00000, 0x000000074ac00000, 0x000000074ae00000|  0%| F|  |TAMS 0x000000074ac00000, 0x000000074ac00000| Untracked 
|  49|0x000000074ae00000, 0x000000074ae00000, 0x000000074b000000|  0%| F|  |TAMS 0x000000074ae00000, 0x000000074ae00000| Untracked 
|  50|0x000000074b000000, 0x000000074b000000, 0x000000074b200000|  0%| F|  |TAMS 0x000000074b000000, 0x000000074b000000| Untracked 
|  51|0x000000074b200000, 0x000000074b200000, 0x000000074b400000|  0%| F|  |TAMS 0x000000074b200000, 0x000000074b200000| Untracked 
|  52|0x000000074b400000, 0x000000074b400000, 0x000000074b600000|  0%| F|  |TAMS 0x000000074b400000, 0x000000074b400000| Untracked 
|  53|0x000000074b600000, 0x000000074b600000, 0x000000074b800000|  0%| F|  |TAMS 0x000000074b600000, 0x000000074b600000| Untracked 
|  54|0x000000074b800000, 0x000000074b800000, 0x000000074ba00000|  0%| F|  |TAMS 0x000000074b800000, 0x000000074b800000| Untracked 
|  55|0x000000074ba00000, 0x000000074ba00000, 0x000000074bc00000|  0%| F|  |TAMS 0x000000074ba00000, 0x000000074ba00000| Untracked 
|  56|0x000000074bc00000, 0x000000074bc00000, 0x000000074be00000|  0%| F|  |TAMS 0x000000074bc00000, 0x000000074bc00000| Untracked 
|  57|0x000000074be00000, 0x000000074be00000, 0x000000074c000000|  0%| F|  |TAMS 0x000000074be00000, 0x000000074be00000| Untracked 
|  58|0x000000074c000000, 0x000000074c000000, 0x000000074c200000|  0%| F|  |TAMS 0x000000074c000000, 0x000000074c000000| Untracked 
|  59|0x000000074c200000, 0x000000074c200000, 0x000000074c400000|  0%| F|  |TAMS 0x000000074c200000, 0x000000074c200000| Untracked 
|  60|0x000000074c400000, 0x000000074c400000, 0x000000074c600000|  0%| F|  |TAMS 0x000000074c400000, 0x000000074c400000| Untracked 
|  61|0x000000074c600000, 0x000000074c600000, 0x000000074c800000|  0%| F|  |TAMS 0x000000074c600000, 0x000000074c600000| Untracked 
|  62|0x000000074c800000, 0x000000074c800000, 0x000000074ca00000|  0%| F|  |TAMS 0x000000074c800000, 0x000000074c800000| Untracked 
|  63|0x000000074ca00000, 0x000000074ca00000, 0x000000074cc00000|  0%| F|  |TAMS 0x000000074ca00000, 0x000000074ca00000| Untracked 
|  64|0x000000074cc00000, 0x000000074cc00000, 0x000000074ce00000|  0%| F|  |TAMS 0x000000074cc00000, 0x000000074cc00000| Untracked 
|  65|0x000000074ce00000, 0x000000074ce00000, 0x000000074d000000|  0%| F|  |TAMS 0x000000074ce00000, 0x000000074ce00000| Untracked 
|  66|0x000000074d000000, 0x000000074d000000, 0x000000074d200000|  0%| F|  |TAMS 0x000000074d000000, 0x000000074d000000| Untracked 
|  67|0x000000074d200000, 0x000000074d200000, 0x000000074d400000|  0%| F|  |TAMS 0x000000074d200000, 0x000000074d200000| Untracked 
|  68|0x000000074d400000, 0x000000074d400000, 0x000000074d600000|  0%| F|  |TAMS 0x000000074d400000, 0x000000074d400000| Untracked 
|  69|0x000000074d600000, 0x000000074d600000, 0x000000074d800000|  0%| F|  |TAMS 0x000000074d600000, 0x000000074d600000| Untracked 
|  70|0x000000074d800000, 0x000000074d800000, 0x000000074da00000|  0%| F|  |TAMS 0x000000074d800000, 0x000000074d800000| Untracked 
|  71|0x000000074da00000, 0x000000074da00000, 0x000000074dc00000|  0%| F|  |TAMS 0x000000074da00000, 0x000000074da00000| Untracked 
|  72|0x000000074dc00000, 0x000000074dc00000, 0x000000074de00000|  0%| F|  |TAMS 0x000000074dc00000, 0x000000074dc00000| Untracked 
|  73|0x000000074de00000, 0x000000074de00000, 0x000000074e000000|  0%| F|  |TAMS 0x000000074de00000, 0x000000074de00000| Untracked 
|  74|0x000000074e000000, 0x000000074e000000, 0x000000074e200000|  0%| F|  |TAMS 0x000000074e000000, 0x000000074e000000| Untracked 
|  75|0x000000074e200000, 0x000000074e200000, 0x000000074e400000|  0%| F|  |TAMS 0x000000074e200000, 0x000000074e200000| Untracked 
|  76|0x000000074e400000, 0x000000074e400000, 0x000000074e600000|  0%| F|  |TAMS 0x000000074e400000, 0x000000074e400000| Untracked 
|  77|0x000000074e600000, 0x000000074e600000, 0x000000074e800000|  0%| F|  |TAMS 0x000000074e600000, 0x000000074e600000| Untracked 
|  78|0x000000074e800000, 0x000000074e800000, 0x000000074ea00000|  0%| F|  |TAMS 0x000000074e800000, 0x000000074e800000| Untracked 
|  79|0x000000074ea00000, 0x000000074ea00000, 0x000000074ec00000|  0%| F|  |TAMS 0x000000074ea00000, 0x000000074ea00000| Untracked 
|  80|0x000000074ec00000, 0x000000074ec00000, 0x000000074ee00000|  0%| F|  |TAMS 0x000000074ec00000, 0x000000074ec00000| Untracked 
|  81|0x000000074ee00000, 0x000000074ee50000, 0x000000074f000000| 15%| S|CS|TAMS 0x000000074ee00000, 0x000000074ee00000| Complete 
|  82|0x000000074f000000, 0x000000074f200000, 0x000000074f200000|100%| S|CS|TAMS 0x000000074f000000, 0x000000074f000000| Complete 
|  83|0x000000074f200000, 0x000000074f200000, 0x000000074f400000|  0%| F|  |TAMS 0x000000074f200000, 0x000000074f200000| Untracked 
|  84|0x000000074f400000, 0x000000074f400000, 0x000000074f600000|  0%| F|  |TAMS 0x000000074f400000, 0x000000074f400000| Untracked 
|  85|0x000000074f600000, 0x000000074f600000, 0x000000074f800000|  0%| F|  |TAMS 0x000000074f600000, 0x000000074f600000| Untracked 
|  86|0x000000074f800000, 0x000000074f800000, 0x000000074fa00000|  0%| F|  |TAMS 0x000000074f800000, 0x000000074f800000| Untracked 
|  87|0x000000074fa00000, 0x000000074fa72730, 0x000000074fc00000| 22%| E|  |TAMS 0x000000074fa00000, 0x000000074fa00000| Complete 
|  88|0x000000074fc00000, 0x000000074fe00000, 0x000000074fe00000|100%| E|CS|TAMS 0x000000074fc00000, 0x000000074fc00000| Complete 
|  89|0x000000074fe00000, 0x0000000750000000, 0x0000000750000000|100%| E|CS|TAMS 0x000000074fe00000, 0x000000074fe00000| Complete 
|  90|0x0000000750000000, 0x0000000750200000, 0x0000000750200000|100%| E|CS|TAMS 0x0000000750000000, 0x0000000750000000| Complete 
|  91|0x0000000750200000, 0x0000000750400000, 0x0000000750400000|100%| E|CS|TAMS 0x0000000750200000, 0x0000000750200000| Complete 
|  92|0x0000000750400000, 0x0000000750600000, 0x0000000750600000|100%| E|CS|TAMS 0x0000000750400000, 0x0000000750400000| Complete 
|  93|0x0000000750600000, 0x0000000750800000, 0x0000000750800000|100%| E|CS|TAMS 0x0000000750600000, 0x0000000750600000| Complete 

Card table byte_map: [0x000001506c200000,0x000001506c7e0000] _byte_map_base: 0x00000150687da000

Marking Bits (Prev, Next): (CMBitMap*) 0x00000150531a0f30, (CMBitMap*) 0x00000150531a0f70
 Prev Bits: [0x000001506cdc0000, 0x000001506fc90000)
 Next Bits: [0x000001506fc90000, 0x0000015072b60000)

Polling page: 0x000001505c180000

Metaspace:

Usage:
  Non-class:      8.16 MB used.
      Class:      1.09 MB used.
       Both:      9.24 MB used.

Virtual space:
  Non-class space:       16.00 MB reserved,       8.25 MB ( 52%) committed,  2 nodes.
      Class space:        1.00 GB reserved,       1.19 MB ( <1%) committed,  1 nodes.
             Both:        1.02 GB reserved,       9.44 MB ( <1%) committed. 

Chunk freelists:
   Non-Class:  2.98 MB
       Class:  2.74 MB
        Both:  5.72 MB

MaxMetaspaceSize: unlimited
CompressedClassSpaceSize: 1.00 GB
Initial GC threshold: 21.00 MB
Current GC threshold: 21.00 MB
CDS: on
MetaspaceReclaimPolicy: balanced
 - commit_granule_bytes: 65536.
 - commit_granule_words: 8192.
 - virtual_space_node_default_size: 1048576.
 - enlarge_chunks_in_place: 1.
 - new_chunks_are_fully_committed: 0.
 - uncommit_free_chunks: 1.
 - use_allocation_guard: 0.
 - handle_deallocations: 1.


Internal statistics:

num_allocs_failed_limit: 0.
num_arena_births: 122.
num_arena_deaths: 0.
num_vsnodes_births: 3.
num_vsnodes_deaths: 0.
num_space_committed: 151.
num_space_uncommitted: 0.
num_chunks_returned_to_freelist: 0.
num_chunks_taken_from_freelist: 183.
num_chunk_merges: 0.
num_chunk_splits: 100.
num_chunks_enlarged: 36.
num_purges: 0.
num_inconsistent_stats: 0.

CodeHeap 'non-profiled nmethods': size=120000Kb used=348Kb max_used=348Kb free=119652Kb
 bounds [0x0000015063c70000, 0x0000015063ee0000, 0x000001506b1a0000]
CodeHeap 'profiled nmethods': size=120000Kb used=2085Kb max_used=2085Kb free=117914Kb
 bounds [0x000001505c1a0000, 0x000001505c410000, 0x00000150636d0000]
CodeHeap 'non-nmethods': size=5760Kb used=1292Kb max_used=1299Kb free=4467Kb
 bounds [0x00000150636d0000, 0x0000015063940000, 0x0000015063c70000]
 total_blobs=1852 nmethods=1243 adapters=522
 compilation: enabled
              stopped_count=0, restarted_count=0
 full_count=0

Compilation events (20 events):
Event: 0.776 Thread 0x0000015075647e60 nmethod 1217 0x000001505c3a0690 code [0x000001505c3a0840, 0x000001505c3a0ab8]
Event: 0.776 Thread 0x0000015075647e60 1213       3       java.io.RandomAccessFile::open (7 bytes)
Event: 0.776 Thread 0x0000015075647e60 nmethod 1213 0x000001505c3a0b90 code [0x000001505c3a0d20, 0x000001505c3a0e68]
Event: 0.777 Thread 0x00000150756423c0 nmethod 1222 0x0000015063cc5810 code [0x0000015063cc59a0, 0x0000015063cc5ab8]
Event: 0.777 Thread 0x00000150756423c0 1223       4       java.nio.ByteBuffer::flip (7 bytes)
Event: 0.777 Thread 0x00000150756423c0 nmethod 1223 0x0000015063cc5c10 code [0x0000015063cc5d80, 0x0000015063cc5e18]
Event: 0.777 Thread 0x0000015075647e60 1224       3       java.lang.StringUTF16::newBytesFor (61 bytes)
Event: 0.778 Thread 0x0000015075647e60 nmethod 1224 0x000001505c3a0f10 code [0x000001505c3a1180, 0x000001505c3a1a68]
Event: 0.782 Thread 0x00000150756423c0 1225   !   4       sun.font.TrueTypeFont::getTableBuffer (215 bytes)
Event: 0.783 Thread 0x0000015075647e60 1226       3       java.util.HashSet::toArray (16 bytes)
Event: 0.783 Thread 0x0000015075647e60 nmethod 1226 0x000001505c3a1d90 code [0x000001505c3a1f40, 0x000001505c3a2158]
Event: 0.783 Thread 0x0000015075647e60 1227       3       java.util.HashMap::prepareArray (38 bytes)
Event: 0.784 Thread 0x0000015075647e60 nmethod 1227 0x000001505c3a2210 code [0x000001505c3a2400, 0x000001505c3a2a18]
Event: 0.785 Thread 0x0000015075647e60 1229       3       sun.nio.ch.FileChannelImpl::<init> (144 bytes)
Event: 0.785 Thread 0x0000015075647e60 nmethod 1229 0x000001505c3a2c10 code [0x000001505c3a2e80, 0x000001505c3a3c68]
Event: 0.789 Thread 0x0000015075647e60 1231       3       sun.nio.ch.FileDispatcherImpl::size (5 bytes)
Event: 0.789 Thread 0x0000015075647e60 nmethod 1231 0x000001505c3a4090 code [0x000001505c3a4220, 0x000001505c3a4368]
Event: 0.791 Thread 0x0000015075647e60 1234   !   3       sun.font.TrueTypeFont::getAllFullNames (30 bytes)
Event: 0.791 Thread 0x0000015075647e60 nmethod 1234 0x000001505c3a4410 code [0x000001505c3a4620, 0x000001505c3a4f28]
Event: 0.791 Thread 0x0000015075647e60 1236  s    3       sun.font.FontFamily::addLocaleNames (45 bytes)

GC Heap History (2 events):
Event: 0.347 GC heap before
{Heap before GC invocations=0 (full 0):
 garbage-first heap   total 192512K, used 38912K [0x0000000744c00000, 0x0000000800000000)
  region size 2048K, 11 young (22528K), 0 survivors (0K)
 Metaspace       used 4976K, committed 5184K, reserved 1056768K
  class space    used 538K, committed 640K, reserved 1048576K
}
Event: 0.351 GC heap after
{Heap after GC invocations=1 (full 0):
 garbage-first heap   total 192512K, used 18752K [0x0000000744c00000, 0x0000000800000000)
  region size 2048K, 2 young (4096K), 2 survivors (4096K)
 Metaspace       used 4976K, committed 5184K, reserved 1056768K
  class space    used 538K, committed 640K, reserved 1048576K
}

Deoptimization events (20 events):
Event: 0.466 Thread 0x0000015053148300 Uncommon trap: trap_request=0xffffffc6 fr.pc=0x0000015063cab5c8 relative=0x0000000000000468
Event: 0.466 Thread 0x0000015053148300 Uncommon trap: reason=bimorphic_or_optimized_type_check action=maybe_recompile pc=0x0000015063cab5c8 method=java.util.HashMap.getNode(Ljava/lang/Object;)Ljava/util/HashMap$Node; @ 63 c2
Event: 0.466 Thread 0x0000015053148300 DEOPT PACKING pc=0x0000015063cab5c8 sp=0x0000001f374fe810
Event: 0.466 Thread 0x0000015053148300 DEOPT UNPACKING pc=0x0000015063725ba3 sp=0x0000001f374fe728 mode 2
Event: 0.487 Thread 0x0000015053148300 Uncommon trap: trap_request=0xffffff45 fr.pc=0x0000015063c9ba40 relative=0x0000000000000340
Event: 0.487 Thread 0x0000015053148300 Uncommon trap: reason=unstable_if action=reinterpret pc=0x0000015063c9ba40 method=java.lang.StringUTF16.compress([CI[BII)I @ 20 c2
Event: 0.487 Thread 0x0000015053148300 DEOPT PACKING pc=0x0000015063c9ba40 sp=0x0000001f374fda50
Event: 0.487 Thread 0x0000015053148300 DEOPT UNPACKING pc=0x0000015063725ba3 sp=0x0000001f374fd9d0 mode 2
Event: 0.614 Thread 0x00000150763f7aa0 Uncommon trap: trap_request=0xffffff45 fr.pc=0x0000015063cb6c14 relative=0x00000000000004d4
Event: 0.614 Thread 0x00000150763f7aa0 Uncommon trap: reason=unstable_if action=reinterpret pc=0x0000015063cb6c14 method=java.lang.StringLatin1.toLowerCase(Ljava/lang/String;[BLjava/util/Locale;)Ljava/lang/String; @ 43 c2
Event: 0.614 Thread 0x00000150763f7aa0 DEOPT PACKING pc=0x0000015063cb6c14 sp=0x0000001f385fd060
Event: 0.614 Thread 0x00000150763f7aa0 DEOPT UNPACKING pc=0x0000015063725ba3 sp=0x0000001f385fcfd0 mode 2
Event: 0.756 Thread 0x00000150763f7aa0 Uncommon trap: trap_request=0xffffff45 fr.pc=0x0000015063c7aa1c relative=0x000000000000019c
Event: 0.756 Thread 0x00000150763f7aa0 Uncommon trap: reason=unstable_if action=reinterpret pc=0x0000015063c7aa1c method=java.lang.String.isLatin1()Z @ 10 c2
Event: 0.756 Thread 0x00000150763f7aa0 DEOPT PACKING pc=0x0000015063c7aa1c sp=0x0000001f385fd050
Event: 0.756 Thread 0x00000150763f7aa0 DEOPT UNPACKING pc=0x0000015063725ba3 sp=0x0000001f385fcf80 mode 2
Event: 0.773 Thread 0x00000150763f7aa0 Uncommon trap: trap_request=0xffffff45 fr.pc=0x0000015063cc3e30 relative=0x00000000000003f0
Event: 0.773 Thread 0x00000150763f7aa0 Uncommon trap: reason=unstable_if action=reinterpret pc=0x0000015063cc3e30 method=java.lang.Character.isSurrogate(C)Z @ 3 c2
Event: 0.773 Thread 0x00000150763f7aa0 DEOPT PACKING pc=0x0000015063cc3e30 sp=0x0000001f385fcd30
Event: 0.773 Thread 0x00000150763f7aa0 DEOPT UNPACKING pc=0x0000015063725ba3 sp=0x0000001f385fcc58 mode 2

Classes unloaded (0 events):
No events

Classes redefined (0 events):
No events

Internal exceptions (16 events):
Event: 0.063 Thread 0x0000015053148300 Exception <a 'sun/nio/fs/WindowsException'{0x0000000750725e48}> (0x0000000750725e48) 
thrown [s\open\src\hotspot\share\prims\jni.cpp, line 516]
Event: 0.063 Thread 0x0000015053148300 Exception <a 'sun/nio/fs/WindowsException'{0x00000007507263c8}> (0x00000007507263c8) 
thrown [s\open\src\hotspot\share\prims\jni.cpp, line 516]
Event: 0.064 Thread 0x0000015053148300 Exception <a 'sun/nio/fs/WindowsException'{0x00000007507288a0}> (0x00000007507288a0) 
thrown [s\open\src\hotspot\share\prims\jni.cpp, line 516]
Event: 0.095 Thread 0x0000015053148300 Exception <a 'java/lang/ClassNotFoundException'{0x000000075043d198}: sun/awt/resources/spi/awtProvider> (0x000000075043d198) 
thrown [s\open\src\hotspot\share\classfile\systemDictionary.cpp, line 256]
Event: 0.135 Thread 0x0000015053148300 Exception <a 'java/lang/NoSuchMethodError'{0x00000007504d8860}: 'java.lang.Object java.lang.invoke.DirectMethodHandle$Holder.invokeStaticInit(java.lang.Object)'> (0x00000007504d8860) 
thrown [s\open\src\hotspot\share\interpreter\linkResolver.cpp, line 759]
Event: 0.149 Thread 0x0000015053148300 Exception <a 'java/lang/ClassNotFoundException'{0x00000007504fabc8}: com/sun/accessibility/internal/resources/spi/accessibilityProvider> (0x00000007504fabc8) 
thrown [s\open\src\hotspot\share\classfile\systemDictionary.cpp, line 256]
Event: 0.160 Thread 0x0000015053148300 Exception <a 'java/lang/NoSuchMethodError'{0x0000000750543028}: 'void java.lang.invoke.DirectMethodHandle$Holder.invokeStatic(java.lang.Object, java.lang.Object)'> (0x0000000750543028) 
thrown [s\open\src\hotspot\share\interpreter\linkResolver.cpp, line 759]
Event: 0.184 Thread 0x0000015053148300 Exception <a 'java/lang/NoSuchMethodError'{0x0000000750229010}: 'void java.lang.invoke.DirectMethodHandle$Holder.invokeSpecial(java.lang.Object, java.lang.Object, java.lang.Object)'> (0x0000000750229010) 
thrown [s\open\src\hotspot\share\interpreter\linkResolver.cpp, line 759]
Event: 0.189 Thread 0x0000015053148300 Exception <a 'java/lang/NoSuchMethodError'{0x0000000750252f08}: 'java.lang.Object java.lang.invoke.DirectMethodHandle$Holder.newInvokeSpecial(java.lang.Object, java.lang.Object, java.lang.Object, java.lang.Object, java.lang.Object)'> (0x0000000750252f08) 
thrown [s\open\src\hotspot\share\interpreter\linkResolver.cpp, line 759]
Event: 0.190 Thread 0x0000015053148300 Exception <a 'java/lang/NoSuchMethodError'{0x000000075025e8d0}: 'java.lang.Object java.lang.invoke.DirectMethodHandle$Holder.invokeStatic(java.lang.Object, int, java.lang.Object, java.lang.Object, java.lang.Object, java.lang.Object)'> (0x000000075025e8d0) 
thrown [s\open\src\hotspot\share\interpreter\linkResolver.cpp, line 759]
Event: 0.193 Thread 0x0000015053148300 Exception <a 'java/lang/NoSuchMethodError'{0x00000007502842d0}: 'java.lang.Object java.lang.invoke.DirectMethodHandle$Holder.invokeStatic(java.lang.Object, int, java.lang.Object)'> (0x00000007502842d0) 
thrown [s\open\src\hotspot\share\interpreter\linkResolver.cpp, line 759]
Event: 0.207 Thread 0x0000015053148300 Exception <a 'java/lang/ClassNotFoundException'{0x000000075033bbc8}: com/sun/swing/internal/plaf/metal/resources/spi/metalProvider> (0x000000075033bbc8) 
thrown [s\open\src\hotspot\share\classfile\systemDictionary.cpp, line 256]
Event: 0.207 Thread 0x0000015053148300 Exception <a 'java/lang/ClassNotFoundException'{0x000000075033fa20}: com/sun/swing/internal/plaf/basic/resources/spi/basicProvider> (0x000000075033fa20) 
thrown [s\open\src\hotspot\share\classfile\systemDictionary.cpp, line 256]
Event: 0.250 Thread 0x00000150763f75d0 Exception <a 'java/lang/NoSuchMethodError'{0x0000000750145870}: 'java.lang.Object java.lang.invoke.DirectMethodHandle$Holder.newInvokeSpecial(java.lang.Object, java.lang.Object, java.lang.Object, int, int, int, int, int)'> (0x0000000750145870) 
thrown [s\open\src\hotspot\share\interpreter\linkResolver.cpp, line 759]
Event: 0.522 Thread 0x0000015076345fc0 Exception <a 'java/lang/NoSuchMethodError'{0x00000007504ab430}: 'void java.lang.invoke.DirectMethodHandle$Holder.invokeVirtual(java.lang.Object, java.lang.Object)'> (0x00000007504ab430) 
thrown [s\open\src\hotspot\share\interpreter\linkResolver.cpp, line 759]
Event: 0.533 Thread 0x0000015053148300 Exception <a 'java/lang/NoSuchMethodError'{0x0000000750484390}: 'void java.lang.invoke.DirectMethodHandle$Holder.invokeStaticInit(java.lang.Object)'> (0x0000000750484390) 
thrown [s\open\src\hotspot\share\interpreter\linkResolver.cpp, line 759]

VM Operations (14 events):
Event: 0.065 Executing VM operation: HandshakeAllThreads
Event: 0.065 Executing VM operation: HandshakeAllThreads done
Event: 0.347 Executing VM operation: G1CollectForAllocation
Event: 0.351 Executing VM operation: G1CollectForAllocation done
Event: 0.354 Executing VM operation: HandshakeAllThreads
Event: 0.354 Executing VM operation: HandshakeAllThreads done
Event: 0.443 Executing VM operation: HandshakeAllThreads
Event: 0.443 Executing VM operation: HandshakeAllThreads done
Event: 0.492 Executing VM operation: HandshakeAllThreads
Event: 0.492 Executing VM operation: HandshakeAllThreads done
Event: 0.494 Executing VM operation: HandshakeAllThreads
Event: 0.494 Executing VM operation: HandshakeAllThreads done
Event: 0.581 Executing VM operation: HandshakeAllThreads
Event: 0.581 Executing VM operation: HandshakeAllThreads done

Events (20 events):
Event: 0.588 loading class sun/awt/image/BufImgSurfaceData$ICMColorData
Event: 0.588 loading class sun/awt/image/BufImgSurfaceData$ICMColorData done
Event: 0.588 loading class sun/awt/image/BufferedImageDevice
Event: 0.588 loading class sun/awt/image/BufferedImageDevice done
Event: 0.594 loading class sun/swing/SwingUtilities2$KeyPair
Event: 0.595 loading class sun/swing/SwingUtilities2$KeyPair done
Event: 0.595 loading class sun/font/SunFontManager$FamilyDescription
Event: 0.595 loading class sun/font/SunFontManager$FamilyDescription done
Event: 0.597 loading class java/awt/event/MouseEvent$1
Event: 0.597 loading class sun/awt/AWTAccessor$MouseEventAccessor
Event: 0.597 loading class sun/awt/AWTAccessor$MouseEventAccessor done
Event: 0.597 loading class java/awt/event/MouseEvent$1 done
Event: 0.613 loading class sun/font/SunFontManager$4
Event: 0.613 loading class sun/font/SunFontManager$4 done
Event: 0.629 loading class sun/font/SunFontManager$9
Event: 0.629 loading class sun/font/SunFontManager$9 done
Event: 0.633 loading class sun/font/SunFontManager$10
Event: 0.633 loading class sun/font/SunFontManager$10 done
Event: 0.758 loading class jdk/internal/access/foreign/MemorySegmentProxy
Event: 0.758 loading class jdk/internal/access/foreign/MemorySegmentProxy done


Dynamic libraries:
0x00007ff75e620000 - 0x00007ff75e630000 	C:\Program Files\Java\jdk-17\bin\java.exe
0x00007ff80c7f0000 - 0x00007ff80ca04000 	C:\WINDOWS\SYSTEM32\ntdll.dll
0x00007ff80b150000 - 0x00007ff80b212000 	C:\WINDOWS\System32\KERNEL32.DLL
0x00007ff809d50000 - 0x00007ff80a0f3000 	C:\WINDOWS\System32\KERNELBASE.dll
0x00007ff80a100000 - 0x00007ff80a211000 	C:\WINDOWS\System32\ucrtbase.dll
0x00007fffecd20000 - 0x00007fffecd38000 	C:\Program Files\Java\jdk-17\bin\jli.dll
0x00007ff8060a0000 - 0x00007ff8060bb000 	C:\Program Files\Java\jdk-17\bin\VCRUNTIME140.dll
0x00007ff80b0a0000 - 0x00007ff80b14e000 	C:\WINDOWS\System32\ADVAPI32.dll
0x00007ff80b900000 - 0x00007ff80b9a7000 	C:\WINDOWS\System32\msvcrt.dll
0x00007ff80bb70000 - 0x00007ff80bc14000 	C:\WINDOWS\System32\sechost.dll
0x00007ff80a860000 - 0x00007ff80a977000 	C:\WINDOWS\System32\RPCRT4.dll
0x00007ff80b750000 - 0x00007ff80b8fb000 	C:\WINDOWS\System32\USER32.dll
0x00007ff809cb0000 - 0x00007ff809cd6000 	C:\WINDOWS\System32\win32u.dll
0x00007fffe8fa0000 - 0x00007fffe922e000 	C:\WINDOWS\WinSxS\amd64_microsoft.windows.common-controls_6595b64144ccf1df_6.0.22621.1635_none_270f70857386168e\COMCTL32.dll
0x00007ff80bd00000 - 0x00007ff80bd29000 	C:\WINDOWS\System32\GDI32.dll
0x00007ff80a220000 - 0x00007ff80a339000 	C:\WINDOWS\System32\gdi32full.dll
0x00007ff80a3c0000 - 0x00007ff80a45a000 	C:\WINDOWS\System32\msvcp_win.dll
0x00007ff800260000 - 0x00007ff80026a000 	C:\WINDOWS\SYSTEM32\VERSION.dll
0x00007ff80bec0000 - 0x00007ff80bef1000 	C:\WINDOWS\System32\IMM32.DLL
0x00007ff806140000 - 0x00007ff80614c000 	C:\Program Files\Java\jdk-17\bin\vcruntime140_1.dll
0x00007fffdb170000 - 0x00007fffdb1fe000 	C:\Program Files\Java\jdk-17\bin\msvcp140.dll
0x00007fff70270000 - 0x00007fff70e47000 	C:\Program Files\Java\jdk-17\bin\server\jvm.dll
0x00007ff80bf00000 - 0x00007ff80bf08000 	C:\WINDOWS\System32\PSAPI.DLL
0x00007ff801370000 - 0x00007ff801379000 	C:\WINDOWS\SYSTEM32\WSOCK32.dll
0x00007ff801330000 - 0x00007ff801364000 	C:\WINDOWS\SYSTEM32\WINMM.dll
0x00007ff80c710000 - 0x00007ff80c781000 	C:\WINDOWS\System32\WS2_32.dll
0x00007ff808c40000 - 0x00007ff808c58000 	C:\WINDOWS\SYSTEM32\kernel.appcore.dll
0x00007ff804d80000 - 0x00007ff804d8a000 	C:\Program Files\Java\jdk-17\bin\jimage.dll
0x00007ff807200000 - 0x00007ff80742e000 	C:\WINDOWS\SYSTEM32\DBGHELP.DLL
0x00007ff80b3c0000 - 0x00007ff80b749000 	C:\WINDOWS\System32\combase.dll
0x00007ff80bc20000 - 0x00007ff80bcf7000 	C:\WINDOWS\System32\OLEAUT32.dll
0x00007fffe5e30000 - 0x00007fffe5e62000 	C:\WINDOWS\SYSTEM32\dbgcore.DLL
0x00007ff80a340000 - 0x00007ff80a3bb000 	C:\WINDOWS\System32\bcryptPrimitives.dll
0x00007ff8013b0000 - 0x00007ff8013d5000 	C:\Program Files\Java\jdk-17\bin\java.dll
0x00007fffed5e0000 - 0x00007fffed6b7000 	C:\Program Files\Java\jdk-17\bin\jsvml.dll
0x00007ff80bf10000 - 0x00007ff80c70a000 	C:\WINDOWS\System32\SHELL32.dll
0x00007ff807bf0000 - 0x00007ff8084be000 	C:\WINDOWS\SYSTEM32\windows.storage.dll
0x00007ff807ab0000 - 0x00007ff807bee000 	C:\WINDOWS\SYSTEM32\wintypes.dll
0x00007ff80af90000 - 0x00007ff80b081000 	C:\WINDOWS\System32\SHCORE.dll
0x00007ff80aab0000 - 0x00007ff80ab0e000 	C:\WINDOWS\System32\shlwapi.dll
0x00007ff809b20000 - 0x00007ff809b41000 	C:\WINDOWS\SYSTEM32\profapi.dll
0x00007fffed9c0000 - 0x00007fffed9d9000 	C:\Program Files\Java\jdk-17\bin\net.dll
0x00007ff8041c0000 - 0x00007ff8042f7000 	C:\WINDOWS\SYSTEM32\WINHTTP.dll
0x00007ff809120000 - 0x00007ff809189000 	C:\WINDOWS\system32\mswsock.dll
0x00007fffed990000 - 0x00007fffed9a6000 	C:\Program Files\Java\jdk-17\bin\nio.dll
0x00007fffd2830000 - 0x00007fffd29c1000 	C:\Program Files\Java\jdk-17\bin\awt.dll
0x00007ff806b10000 - 0x00007ff806ba7000 	C:\WINDOWS\SYSTEM32\apphelp.dll
0x00007ff806f30000 - 0x00007ff806f5b000 	C:\WINDOWS\system32\DWMAPI.DLL
0x00007ff806cd0000 - 0x00007ff806d7b000 	C:\WINDOWS\system32\uxtheme.dll
0x00007fffe2170000 - 0x00007fffe2270000 	C:\WINDOWS\system32\opengl32.dll
0x00007fffeaa20000 - 0x00007fffeaa4d000 	C:\WINDOWS\SYSTEM32\GLU32.dll
0x00007ff806dc0000 - 0x00007ff806df8000 	C:\WINDOWS\SYSTEM32\dxcore.dll
0x00007ff80a980000 - 0x00007ff80aaa7000 	C:\WINDOWS\System32\MSCTF.dll
0x00007ff80b220000 - 0x00007ff80b3bc000 	C:\WINDOWS\System32\ole32.dll
0x00007fffed570000 - 0x00007fffed5ba000 	C:\Program Files\Java\jdk-17\bin\javaaccessbridge.dll
0x00007ff802880000 - 0x00007ff802887000 	C:\Program Files\Java\jdk-17\bin\jawt.dll
0x00007fffed5c0000 - 0x00007fffed5d8000 	C:\Program Files\Java\jdk-17\bin\zip.dll
0x00007fffeb220000 - 0x00007fffeb24e000 	C:\Program Files\Java\jdk-17\bin\javajpeg.dll
0x00007fffd9050000 - 0x00007fffd90d6000 	C:\Program Files\Java\jdk-17\bin\freetype.dll
0x00007fffd8ee0000 - 0x00007fffd8fa5000 	C:\Program Files\Java\jdk-17\bin\fontmanager.dll
0x00007ff80a5d0000 - 0x00007ff80a680000 	C:\WINDOWS\System32\clbcatq.dll
0x00007ff805450000 - 0x00007ff805600000 	C:\WINDOWS\SYSTEM32\WindowsCodecs.dll
0x00007fffe2110000 - 0x00007fffe216e000 	C:\WINDOWS\system32\dataexchange.dll
0x00007ff802070000 - 0x00007ff8022de000 	C:\WINDOWS\system32\twinapi.appcore.dll
0x00007fffe5c80000 - 0x00007fffe5dad000 	C:\WINDOWS\SYSTEM32\textinputframework.dll

dbghelp: loaded successfully - version: 4.0.5 - missing functions: none
symbol engine: initialized successfully - sym options: 0x614 - pdb path: .;C:\Program Files\Java\jdk-17\bin;C:\WINDOWS\SYSTEM32;C:\WINDOWS\WinSxS\amd64_microsoft.windows.common-controls_6595b64144ccf1df_6.0.22621.1635_none_270f70857386168e;C:\Program Files\Java\jdk-17\bin\server

VM Arguments:
jvm_args: -Dfile.encoding=UTF-8 --module-path=C:\Users\USER\OneDrive\Desktop\abir_sir_bank_project\bankManegment\build\classes 
java_command: bankmanegment.SignUpOne
java_class_path (initial): C:\Users\USER\OneDrive\Desktop\abir_sir_bank_project\bankManegment\build\classes
Launcher Type: SUN_STANDARD

[Global flags]
     intx CICompilerCount                          = 4                                         {product} {ergonomic}
     uint ConcGCThreads                            = 2                                         {product} {ergonomic}
     uint G1ConcRefinementThreads                  = 8                                         {product} {ergonomic}
   size_t G1HeapRegionSize                         = 2097152                                   {product} {ergonomic}
    uintx GCDrainStackTargetSize                   = 64                                        {product} {ergonomic}
   size_t InitialHeapSize                          = 197132288                                 {product} {ergonomic}
   size_t MarkStackSize                            = 4194304                                   {product} {ergonomic}
   size_t MaxHeapSize                              = 3141533696                                {product} {ergonomic}
   size_t MaxNewSize                               = 1883242496                                {product} {ergonomic}
   size_t MinHeapDeltaBytes                        = 2097152                                   {product} {ergonomic}
   size_t MinHeapSize                              = 8388608                                   {product} {ergonomic}
    uintx NonNMethodCodeHeapSize                   = 5839372                                {pd product} {ergonomic}
    uintx NonProfiledCodeHeapSize                  = 122909434                              {pd product} {ergonomic}
    uintx ProfiledCodeHeapSize                     = 122909434                              {pd product} {ergonomic}
    uintx ReservedCodeCacheSize                    = 251658240                              {pd product} {ergonomic}
     bool SegmentedCodeCache                       = true                                      {product} {ergonomic}
   size_t SoftMaxHeapSize                          = 3141533696                             {manageable} {ergonomic}
     bool UseCompressedClassPointers               = true                           {product lp64_product} {ergonomic}
     bool UseCompressedOops                        = true                           {product lp64_product} {ergonomic}
     bool UseG1GC                                  = true                                      {product} {ergonomic}
     bool UseLargePagesIndividualAllocation        = false                                  {pd product} {ergonomic}

Logging:
Log output configuration:
 #0: stdout all=warning uptime,level,tags
 #1: stderr all=off uptime,level,tags

Environment Variables:
JAVA_HOME=C:\Program Files\Java\jdk-17
PATH=C:\Program Files\Java\jdk-17\bin;C:\WINDOWS\system32;C:\WINDOWS;C:\WINDOWS\System32\Wbem;C:\WINDOWS\System32\WindowsPowerShell\v1.0\;C:\WINDOWS\System32\OpenSSH\;C:\Program Files\nodejs\;C:\MinGW\bin;C:\Program Files\Git\cmd;C:\Program Files\MySQL\MySQL Server 8.0\bin;C:\Users\USER\AppData\Local\Microsoft\WindowsApps;C:\Users\USER\AppData\Roaming\npm;C:\Program Files\CodeBlocks\MinGW\bin;C:\Users\USER\AppData\Local\Programs\Microsoft VS Code\bin;;C:\Program Files\JetBrains\IntelliJ IDEA Community Edition 2022.3.3\bin;
USERNAME=USER
OS=Windows_NT
PROCESSOR_IDENTIFIER=Intel64 Family 6 Model 140 Stepping 1, GenuineIntel



---------------  S Y S T E M  ---------------

OS:
 Windows 11 , 64 bit Build 22621 (10.0.22621.1778)
OS uptime: 1 days 20:46 hours

CPU: total 8 (initial active 8) (4 cores per cpu, 2 threads per core) family 6 model 140 stepping 1 microcode 0x86, cx8, cmov, fxsr, ht, mmx, 3dnowpref, sse, sse2, sse3, ssse3, sse4.1, sse4.2, popcnt, lzcnt, tsc, tscinvbit, avx, avx2, aes, erms, clmul, bmi1, bmi2, adx, avx512f, avx512dq, avx512cd, avx512bw, avx512vl, sha, fma, vzeroupper, avx512_vpopcntdq, avx512_vpclmulqdq, avx512_vaes, avx512_vnni, clflush, clflushopt, clwb, avx512_vbmi2, avx512_vbmi

Memory: 4k page, system-wide physical 11982M (801M free)
TotalPageFile size 42393M (AvailPageFile size 74M)
current process WorkingSet (physical memory assigned to process): 102M, peak: 108M
current process commit charge ("private bytes"): 292M, peak: 305M

vm_info: Java HotSpot(TM) 64-Bit Server VM (17.0.6+9-LTS-190) for windows-amd64 JRE (17.0.6+9-LTS-190), built on Dec  6 2022 15:53:54 by "mach5one" with MS VC++ 17.1 (VS2022)

END.
